2021-10-29T16:16:25.9605589+05:30;VSTestExecutionThread;Info;SpecFlow+Runner execution started
2021-10-29T16:16:25.9607956+05:30;VSTestExecutionThread;Info;SpecFlow+Runner 3.9.7 in Framework netcore31 in x64 mode execution started
2021-10-29T16:16:25.9608000+05:30;VSTestExecutionThread;Info;TestAdapter Location: C:\BDDFramework\SpecFlowCalculator.Specs\bin\Debug\netcoreapp3.1\TechTalk.SpecRun.VisualStudio.TestAdapter.dll
2021-10-29T16:16:25.9975746+05:30;VSTestExecutionThread;Info;Current UserName: 'C278249', MachineName: 'USE2DEVP00496'
2021-10-29T16:16:26.2817113+05:30;VSTestExecutionThread;Info;SpecRun: running tests in C:\BDDFramework\SpecFlowCalculator.Specs\bin\Debug\netcoreapp3.1\SpecFlowCalculator.Specs.dll
2021-10-29T16:16:26.2820492+05:30;VSTestExecutionThread;Info;Output folder configured to "C:\BDDFramework\TestResults" (default)
2021-10-29T16:16:26.2821333+05:30;VSTestExecutionThread;Info;Profile: 
2021-10-29T16:16:26.9222180+05:30;VSTestExecutionThread;Info;Log file path: C:\BDDFramework\TestResults\Unnamed project__2021-10-29T161626.log
2021-10-29T16:16:27.0657660+05:30;Thread#13;Info;Checking activation
2021-10-29T16:16:28.9623216+05:30;Thread#13;Info;Activated.
2021-10-29T16:16:28.9640403+05:30;Thread#13;Info;Activation check completed
2021-10-29T16:16:28.9642008+05:30;Thread#13;Info;Starting test run
2021-10-29T16:16:29.8201667+05:30;Thread#13;Info;Discovering target: Default
2021-10-29T16:16:29.8225956+05:30;Thread#13;Info;Discovering tests from assembly: C:\BDDFramework\SpecFlowCalculator.Specs\bin\Debug\netcoreapp3.1\SpecFlowCalculator.Specs.dll
2021-10-29T16:16:30.7029580+05:30;Thread#13;Info;Discovered tests from assembly: C:\BDDFramework\SpecFlowCalculator.Specs\bin\Debug\netcoreapp3.1\SpecFlowCalculator.Specs.dll
2021-10-29T16:16:30.7226149+05:30:Test Suite Dump
2021-10-29T16:16:30.7248259+05:30:#0: Unnamed project/ - 
2021-10-29T16:16:30.7248445+05:30:#1: Default - 
2021-10-29T16:16:30.7248461+05:30:#2: SpecFlowCalculator.Specs - 
2021-10-29T16:16:30.7248478+05:30:#3: BrowserStack - 
2021-10-29T16:16:30.7418481+05:30:#7: Login with invalid credentials - TestAssembly:SpecFlowCalculator.Specs/Feature:BrowserStack/Scenario:Login+with+invalid+credentials
2021-10-29T16:16:30.7419238+05:30:End: Test Suite Dump
2021-10-29T16:16:30.9015683+05:30:Thread#0:Scheduler: get next test for thread 0
2021-10-29T16:16:30.9202109+05:30:Thread#:Scheduler: testitem #7 from normal test queue 
2021-10-29T16:16:30.9203160+05:30:Thread#0:Scheduler: considering testitem #7 for thread 0
2021-10-29T16:16:30.9492865+05:30:Thread#0:TestItem#7:testItemMatchesCurrentTestThread:UnSpecific
2021-10-29T16:16:30.9493019+05:30:Thread#0:TestItem#7:runsOnOneOtherThreadSpecific:False
2021-10-29T16:16:30.9493035+05:30:Thread#0:TestItem#7:runsOnOneOtherThreadUnspecific:False
2021-10-29T16:16:30.9493069+05:30:Thread#0:Scheduler: using testitem #7 for thread 0
2021-10-29T16:16:30.9502151+05:30:Thread#0:Scheduler: Test #7 is scheduled for thread
2021-10-29T16:16:30.9602030+05:30:Thread#0:Scheduler: with testItemExecutionIndex 0
2021-10-29T16:16:30.9702242+05:30:Thread #0: creating new test thread executor for SpecFlowCalculator.Specs, Version=1.0.0.0, Culture=neutral, PublicKeyToken=null (target: Default)
2021-10-29T16:16:30.9925831+05:30:Thread #0: Creating test assembly executor for execution model OutProc
2021-10-29T16:16:30.9927917+05:30:Thread #0: Creating test assembly executor for execution model OutProc
2021-10-29T16:16:31.0212261+05:30:Thread #0: using TechTalk.SpecRun.Framework.Execution.OutOfProc.StreamJsonRPC.OutOfProcessTestAssemblyExecutorHost to execute tests
2021-10-29T16:16:31.0388437+05:30:starting Out Of Process Executor
2021-10-29T16:16:31.0882738+05:30:Assembly resolving Microsoft.VisualStudio.Validation, Version=15.3.0.0, Culture=neutral, PublicKeyToken=b03f5f7f11d50a3a
2021-10-29T16:16:31.1036499+05:30:[AssemblyCache] Trying to resolve 'Microsoft.VisualStudio.Validation' from .deps.json file
2021-10-29T16:16:31.1036830+05:30:[AssemblyCache] Could not resolve 'Microsoft.VisualStudio.Validation' from .deps.json
2021-10-29T16:16:31.1130165+05:30:[AssemblyCache] Trying to resolve 'Microsoft.VisualStudio.Validation' in folder 'C:\BDDFramework\SpecFlowCalculator.Specs\bin\Debug\netcoreapp3.1'
2021-10-29T16:16:31.1134900+05:30:[AssemblyCache] Trying to resolve 'Microsoft.VisualStudio.Validation' to 'C:\BDDFramework\SpecFlowCalculator.Specs\bin\Debug\netcoreapp3.1\Microsoft.VisualStudio.Validation.dll'
2021-10-29T16:16:31.1579506+05:30:[AssemblyCache] Trying to resolve 'Microsoft.VisualStudio.Validation' to 'C:\BDDFramework\SpecFlowCalculator.Specs\bin\Debug\netcoreapp3.1\Microsoft.VisualStudio.Validation.exe'
2021-10-29T16:16:31.1580450+05:30:[AssemblyCache] Could not resolve 'Microsoft.VisualStudio.Validation' in folder 'C:\BDDFramework\SpecFlowCalculator.Specs\bin\Debug\netcoreapp3.1'
2021-10-29T16:16:31.1739599+05:30:TargetFramework: .NETCoreApp,Version=v3.1
2021-10-29T16:16:31.1748083+05:30:Tfm: netcoreapp3.1
2021-10-29T16:16:31.1748242+05:30:[AssemblyCache] Trying to resolve 'Microsoft.VisualStudio.Validation' in folder 'C:\BDDFramework\SpecFlowCalculator.Specs\bin\Debug\netcoreapp3.1\SpecFlowPlusRunner\netcoreapp3.1'
2021-10-29T16:16:31.1748260+05:30:[AssemblyCache] Trying to resolve 'Microsoft.VisualStudio.Validation' to 'C:\BDDFramework\SpecFlowCalculator.Specs\bin\Debug\netcoreapp3.1\SpecFlowPlusRunner\netcoreapp3.1\Microsoft.VisualStudio.Validation.dll'
2021-10-29T16:16:31.1749963+05:30:[AssemblyCache] Found file 'C:\BDDFramework\SpecFlowCalculator.Specs\bin\Debug\netcoreapp3.1\SpecFlowPlusRunner\netcoreapp3.1\Microsoft.VisualStudio.Validation.dll' for assembly 'Microsoft.VisualStudio.Validation'
2021-10-29T16:16:31.1972810+05:30:[AssemblyCache] Resolved 'Microsoft.VisualStudio.Validation' to C:\BDDFramework\SpecFlowCalculator.Specs\bin\Debug\netcoreapp3.1\SpecFlowPlusRunner\netcoreapp3.1\Microsoft.VisualStudio.Validation.dll
2021-10-29T16:16:31.2062644+05:30:Starting callback TCP Rpc server
2021-10-29T16:16:31.3969533+05:30:Asynchronously starting background TCP Rpc Server on port 32768
2021-10-29T16:16:31.3970072+05:30:Started callback TCP Rpc server on port 32768
2021-10-29T16:16:31.3970093+05:30:Starting logger TCP Rpc server
2021-10-29T16:16:31.4613875+05:30:Asynchronously starting background TCP Rpc Server on port 32769
2021-10-29T16:16:31.4614252+05:30:Started logger TCP Rpc server on port 32769
2021-10-29T16:16:32.2964919+05:30:Executing test executor at 'dotnet' 'exec "C:\BDDFramework\SpecFlowCalculator.Specs\bin\Debug\netcoreapp3.1\SpecFlowPlusRunner\netcoreapp3.1\TechTalk.SpecRun.Framework.Executor.anycpu.netcoreapp3_1.dll" --remoteRunnerPid 29544 --uniqueId "2021-10-29T161626" --outputFolder "C:\BDDFramework\TestResults" --callbackPort 32768 --loggerPort 32769' in 'C:\BDDFramework\SpecFlowCalculator.Specs\bin\Debug\netcoreapp3.1'
2021-10-29T16:16:33.2104884+05:30:Executor with PID 22480 has been started successfully.
2021-10-29T16:16:33.3033261+05:30:Out of Process Executor 22480 started
2021-10-29T16:16:33.3033467+05:30:Waiting for endpoint
2021-10-29T16:16:39.7146629+05:30:Assembly resolving Microsoft.VisualStudio.Threading, Version=15.3.0.0, Culture=neutral, PublicKeyToken=b03f5f7f11d50a3a
2021-10-29T16:16:39.7148123+05:30:[AssemblyCache] Trying to resolve 'Microsoft.VisualStudio.Threading' from .deps.json file
2021-10-29T16:16:39.7148164+05:30:[AssemblyCache] Could not resolve 'Microsoft.VisualStudio.Threading' from .deps.json
2021-10-29T16:16:39.7148237+05:30:[AssemblyCache] Trying to resolve 'Microsoft.VisualStudio.Threading' in folder 'C:\BDDFramework\SpecFlowCalculator.Specs\bin\Debug\netcoreapp3.1'
2021-10-29T16:16:39.7148249+05:30:[AssemblyCache] Trying to resolve 'Microsoft.VisualStudio.Threading' to 'C:\BDDFramework\SpecFlowCalculator.Specs\bin\Debug\netcoreapp3.1\Microsoft.VisualStudio.Threading.dll'
2021-10-29T16:16:39.7149114+05:30:[AssemblyCache] Trying to resolve 'Microsoft.VisualStudio.Threading' to 'C:\BDDFramework\SpecFlowCalculator.Specs\bin\Debug\netcoreapp3.1\Microsoft.VisualStudio.Threading.exe'
2021-10-29T16:16:39.7151222+05:30:[AssemblyCache] Could not resolve 'Microsoft.VisualStudio.Threading' in folder 'C:\BDDFramework\SpecFlowCalculator.Specs\bin\Debug\netcoreapp3.1'
2021-10-29T16:16:39.7151471+05:30:TargetFramework: .NETCoreApp,Version=v3.1
2021-10-29T16:16:39.7152904+05:30:Tfm: netcoreapp3.1
2021-10-29T16:16:39.7153054+05:30:[AssemblyCache] Trying to resolve 'Microsoft.VisualStudio.Threading' in folder 'C:\BDDFramework\SpecFlowCalculator.Specs\bin\Debug\netcoreapp3.1\SpecFlowPlusRunner\netcoreapp3.1'
2021-10-29T16:16:39.7153075+05:30:[AssemblyCache] Trying to resolve 'Microsoft.VisualStudio.Threading' to 'C:\BDDFramework\SpecFlowCalculator.Specs\bin\Debug\netcoreapp3.1\SpecFlowPlusRunner\netcoreapp3.1\Microsoft.VisualStudio.Threading.dll'
2021-10-29T16:16:39.7234091+05:30:[AssemblyCache] Found file 'C:\BDDFramework\SpecFlowCalculator.Specs\bin\Debug\netcoreapp3.1\SpecFlowPlusRunner\netcoreapp3.1\Microsoft.VisualStudio.Threading.dll' for assembly 'Microsoft.VisualStudio.Threading'
2021-10-29T16:16:39.7247117+05:30:[AssemblyCache] Resolved 'Microsoft.VisualStudio.Threading' to C:\BDDFramework\SpecFlowCalculator.Specs\bin\Debug\netcoreapp3.1\SpecFlowPlusRunner\netcoreapp3.1\Microsoft.VisualStudio.Threading.dll
2021-10-29T16:16:41.5016946+05:30:Remote executor port received: 32770
2021-10-29T16:16:41.5022881+05:30:Creating executor TCP client on port 32770
2021-10-29T16:16:41.5106016+05:30:Created executor TCP client on port 32770
2021-10-29T16:16:41.5106186+05:30:Connecting to remote executor TCP server
2021-10-29T16:16:41.5212458+05:30:Connected remote executor TCP server
2021-10-29T16:16:41.5215159+05:30:trying to connect to Out of Process Executor the 1 attempt
2021-10-29T16:16:41.5215225+05:30:Connection to Out of Process Executor established in the 1 attempt
2021-10-29T16:16:42.3018263+05:30:2021-10-29T16:16:42.2993900+05:30:OutOfProcessTestAssemblyExecutor: initialized for C:\BDDFramework\SpecFlowCalculator.Specs\bin\Debug\netcoreapp3.1\SpecFlowCalculator.Specs.dll on test thread #0
2021-10-29T16:16:42.3155998+05:30:Endpoint 22480 started
2021-10-29T16:16:42.3794435+05:30:2021-10-29T16:16:42.3787498+05:30:OutOfProcessTestAssemblyExecutor: running tests...
2021-10-29T16:16:42.7025719+05:30:2021-10-29T16:16:42.7020269+05:30:Assembly resolving TechTalk.SpecFlow, Version=3.9.0.0, Culture=neutral, PublicKeyToken=0778194805d6db41
2021-10-29T16:16:42.7133256+05:30:2021-10-29T16:16:42.7129338+05:30:[AssemblyCache] Trying to resolve 'TechTalk.SpecFlow' from .deps.json file
2021-10-29T16:16:42.7284056+05:30:2021-10-29T16:16:42.7278450+05:30:[AssemblyCache] Resolved 'TechTalk.SpecFlow' to 'C:\Users\C278249\.nuget\packages\specflow\3.9.8\lib\netstandard2.0\TechTalk.SpecFlow.dll'
2021-10-29T16:16:43.2062046+05:30:2021-10-29T16:16:43.1972273+05:30:Thread#0:T:-> Loading plugin C:\BDDFramework\SpecFlowCalculator.Specs\bin\Debug\netcoreapp3.1\SpecFlowCalculator.Specs.dll
2021-10-29T16:16:43.2277803+05:30:2021-10-29T16:16:43.2175087+05:30:Assembly resolving Microsoft.Extensions.DependencyModel, Version=1.0.1.0, Culture=neutral, PublicKeyToken=adb9793829ddae60
2021-10-29T16:16:43.2578998+05:30:2021-10-29T16:16:43.2295275+05:30:[AssemblyCache] Trying to resolve 'Microsoft.Extensions.DependencyModel' from .deps.json file
2021-10-29T16:16:43.2600779+05:30:2021-10-29T16:16:43.2589684+05:30:[AssemblyCache] Resolved 'Microsoft.Extensions.DependencyModel' to 'C:\Users\C278249\.nuget\packages\microsoft.extensions.dependencymodel\1.0.3\lib\netstandard1.6\Microsoft.Extensions.DependencyModel.dll'
2021-10-29T16:16:43.4454844+05:30:2021-10-29T16:16:43.4443097+05:30:Assembly resolving Microsoft.DotNet.PlatformAbstractions, Version=1.0.1.0, Culture=neutral, PublicKeyToken=adb9793829ddae60
2021-10-29T16:16:43.4479571+05:30:2021-10-29T16:16:43.4459694+05:30:[AssemblyCache] Trying to resolve 'Microsoft.DotNet.PlatformAbstractions' from .deps.json file
2021-10-29T16:16:43.4517641+05:30:2021-10-29T16:16:43.4514599+05:30:[AssemblyCache] Resolved 'Microsoft.DotNet.PlatformAbstractions' to 'C:\Users\C278249\.nuget\packages\microsoft.dotnet.platformabstractions\1.0.3\lib\netstandard1.3\Microsoft.DotNet.PlatformAbstractions.dll'
2021-10-29T16:16:43.4780017+05:30:2021-10-29T16:16:43.4743121+05:30:Thread#0:T:-> Missing [assembly:RuntimePlugin] attribute in SpecFlowCalculator.Specs, Version=1.0.0.0, Culture=neutral, PublicKeyToken=null. Please check https://go.specflow.org/doc-plugins for details.
2021-10-29T16:16:43.4786918+05:30:2021-10-29T16:16:43.4784191+05:30:Thread#0:T:-> Loading plugin C:\BDDFramework\SpecFlowCalculator.Specs\bin\Debug\netcoreapp3.1\LivingDoc.SpecFlowPlugin.dll
2021-10-29T16:16:43.4837227+05:30:2021-10-29T16:16:43.4834508+05:30:Assembly resolving LivingDoc.Dtos, Version=3.9.0.0, Culture=neutral, PublicKeyToken=null
2021-10-29T16:16:43.4842065+05:30:2021-10-29T16:16:43.4839868+05:30:[AssemblyCache] Trying to resolve 'LivingDoc.Dtos' from .deps.json file
2021-10-29T16:16:43.4893176+05:30:2021-10-29T16:16:43.4884161+05:30:[AssemblyCache] Resolved 'LivingDoc.Dtos' to 'C:\Users\C278249\.nuget\packages\specflow.plus.livingdocplugin\3.9.5\lib\netstandard2.0\LivingDoc.Dtos.dll'
2021-10-29T16:16:43.4922649+05:30:2021-10-29T16:16:43.4919818+05:30:Thread#0:T:-> Loading plugin C:\BDDFramework\SpecFlowCalculator.Specs\bin\Debug\netcoreapp3.1\SpecRun.Runtime.SpecFlowPlugin.dll
2021-10-29T16:16:43.5229765+05:30:2021-10-29T16:16:43.5226522+05:30:Thread#0:T:-> Using default config
2021-10-29T16:16:43.5598229+05:30:2021-10-29T16:16:43.5593597+05:30:Assembly resolving Cucumber.Messages, Version=6.0.1.0, Culture=neutral, PublicKeyToken=b10c5988214f940c
2021-10-29T16:16:43.5604201+05:30:2021-10-29T16:16:43.5601428+05:30:[AssemblyCache] Trying to resolve 'Cucumber.Messages' from .deps.json file
2021-10-29T16:16:43.5611770+05:30:2021-10-29T16:16:43.5609621+05:30:[AssemblyCache] Resolved 'Cucumber.Messages' to 'C:\Users\C278249\.nuget\packages\cucumber.messages\6.0.1\lib\netstandard2.0\Cucumber.Messages.dll'
2021-10-29T16:16:43.5632541+05:30:2021-10-29T16:16:43.5630114+05:30:Assembly resolving Google.Protobuf, Version=3.7.0.0, Culture=neutral, PublicKeyToken=a7d26565bac4d604
2021-10-29T16:16:43.5636580+05:30:2021-10-29T16:16:43.5634644+05:30:[AssemblyCache] Trying to resolve 'Google.Protobuf' from .deps.json file
2021-10-29T16:16:43.5644458+05:30:2021-10-29T16:16:43.5641362+05:30:[AssemblyCache] Resolved 'Google.Protobuf' to 'C:\Users\C278249\.nuget\packages\google.protobuf\3.7.0\lib\netstandard1.0\Google.Protobuf.dll'
2021-10-29T16:16:43.5936348+05:30:2021-10-29T16:16:43.5929878+05:30:Assembly resolving Microsoft.VisualStudio.TestPlatform.ObjectModel, Version=15.0.0.0, Culture=neutral, PublicKeyToken=b03f5f7f11d50a3a
2021-10-29T16:16:43.5992479+05:30:2021-10-29T16:16:43.5988042+05:30:[AssemblyCache] Trying to resolve 'Microsoft.VisualStudio.TestPlatform.ObjectModel' from .deps.json file
2021-10-29T16:16:43.6002741+05:30:2021-10-29T16:16:43.6000002+05:30:[AssemblyCache] Resolved 'Microsoft.VisualStudio.TestPlatform.ObjectModel' to 'C:\Users\C278249\.nuget\packages\microsoft.testplatform.objectmodel\16.5.0\lib\netstandard2.0\Microsoft.VisualStudio.TestPlatform.ObjectModel.dll'
2021-10-29T16:16:43.7413260+05:30:2021-10-29T16:16:43.7401380+05:30:Thread#0:T:-> error: The binding methods for before/after feature and before/after test run events must be static! SpecFlowCalculator.Specs:SpecFlowCalculator.Specs.Hooks.Base.BeforeFeature() (0.0s)
2021-10-29T16:16:44.0032821+05:30:2021-10-29T16:16:44.0017627+05:30:OutOfProcessTestAssemblyExecutor: RunTest error: TechTalk.SpecFlow.BindingException: The binding methods for before/after feature and before/after test run events must be static! SpecFlowCalculator.Specs:SpecFlowCalculator.Specs.Hooks.Base.BeforeFeature()
   at TechTalk.SpecFlow.ErrorHandling.ErrorProvider.GetNonStaticEventError(IBindingMethod method) in D:\a\1\s\TechTalk.SpecFlow\ErrorHandling\ErrorProvider.cs:line 128
   at TechTalk.SpecFlow.Bindings.Discovery.RuntimeBindingSourceProcessor.ValidateHook(BindingSourceMethod bindingSourceMethod, BindingSourceAttribute hookAttribute, HookType hookType) in D:\a\1\s\TechTalk.SpecFlow\Bindings\Discovery\RuntimeBindingSourceProcessor.cs:line 54
   at TechTalk.SpecFlow.Bindings.Discovery.BindingSourceProcessor.ProcessHookAttribute(BindingSourceMethod bindingSourceMethod, BindingSourceAttribute hookAttribute, BindingScope scope) in D:\a\1\s\TechTalk.SpecFlow\Bindings\Discovery\BindingSourceProcessor.cs:line 168
   at TechTalk.SpecFlow.Bindings.Discovery.BindingSourceProcessor.<>c__DisplayClass21_0.<ProcessHookAttribute>b__1(BindingScope scope) in D:\a\1\s\TechTalk.SpecFlow\Bindings\Discovery\BindingSourceProcessor.cs:line 149
   at TechTalk.SpecFlow.Bindings.Discovery.BindingSourceProcessor.ProcessHookAttribute(BindingSourceMethod bindingSourceMethod, BindingScope[] methodScopes, BindingSourceAttribute hookAttribute) in D:\a\1\s\TechTalk.SpecFlow\Bindings\Discovery\BindingSourceProcessor.cs:line 150
   at TechTalk.SpecFlow.Bindings.Discovery.BindingSourceProcessor.ProcessHooks(BindingSourceMethod bindingSourceMethod, BindingScope[] methodScopes) in D:\a\1\s\TechTalk.SpecFlow\Bindings\Discovery\BindingSourceProcessor.cs:line 121
   at TechTalk.SpecFlow.Bindings.Discovery.BindingSourceProcessor.ProcessMethod(BindingSourceMethod bindingSourceMethod) in D:\a\1\s\TechTalk.SpecFlow\Bindings\Discovery\BindingSourceProcessor.cs:line 108
   at TechTalk.SpecFlow.Bindings.Discovery.RuntimeBindingRegistryBuilder.BuildBindingsFromType(Type type) in D:\a\1\s\TechTalk.SpecFlow\Bindings\Discovery\RuntimeBindingRegistryBuilder.cs:line 49
   at TechTalk.SpecFlow.Bindings.Discovery.RuntimeBindingRegistryBuilder.BuildBindingsFromAssembly(Assembly assembly) in D:\a\1\s\TechTalk.SpecFlow\Bindings\Discovery\RuntimeBindingRegistryBuilder.cs:line 25
   at TechTalk.SpecFlow.TestRunnerManager.BuildBindingRegistry(IEnumerable`1 bindingAssemblies) in D:\a\1\s\TechTalk.SpecFlow\TestRunnerManager.cs:line 92
   at TechTalk.SpecFlow.TestRunnerManager.InitializeBindingRegistry(ITestRunner testRunner) in D:\a\1\s\TechTalk.SpecFlow\TestRunnerManager.cs:line 75
   at TechTalk.SpecFlow.TestRunnerManager.CreateTestRunner(Int32 threadId) in D:\a\1\s\TechTalk.SpecFlow\TestRunnerManager.cs:line 63
   at TechTalk.SpecFlow.TestRunnerManager.GetTestRunnerWithoutExceptionHandling(Int32 threadId) in D:\a\1\s\TechTalk.SpecFlow\TestRunnerManager.cs:line 155
   at TechTalk.SpecFlow.TestRunnerManager.GetTestRunner(Int32 threadId) in D:\a\1\s\TechTalk.SpecFlow\TestRunnerManager.cs:line 136
   at TechTalk.SpecFlow.TestRunnerManager.OnTestRunStart(Assembly testAssembly, IContainerBuilder containerBuilder) in D:\a\1\s\TechTalk.SpecFlow\TestRunnerManager.cs:line 232
   at SpecFlowCalculator_Specs_SpecFlowPlusRunnerAssemblyHooks.AssemblyInitialize() in C:\BDDFramework\SpecFlowCalculator.Specs\obj\Debug\netcoreapp3.1\SpecFlow.Plus.Runner.AssemblyHooks.cs:line 12
   at TechTalk.SpecRun.Framework.TaskExecutors.StaticOrInstanceMethodExecutor.ExecuteInternal(ITestThreadExecutionContext testThreadExecutionContext)
   at TechTalk.SpecRun.Framework.TaskExecutors.StaticOrInstanceMethodExecutor.Execute(ITestThreadExecutionContext testThreadExecutionContext)
   at TechTalk.SpecRun.Framework.TestAssemblyExecutor.RunAssemblyInitializeExecutors(ITestAssemblyExecutorsProvider testAssemblyExecutorsProvider, ITestThreadExecutionContext testThreadExecutionContext)
   at TechTalk.SpecRun.Framework.TestAssemblyExecutor.RunTests(ITestAssemblyExecutorState executorState, ITestAssemblyExecutorsProvider testAssemblyExecutorsProvider, ITestThreadExecutionContext testThreadExecutionContext)
   at TechTalk.SpecRun.Framework.TestAssemblyExecutor.RunTests(TestThreadState testThreadState)
   at TechTalk.SpecRun.Framework.Execution.InProcess.InProcAppDomainTestAssemblyExecutor.RunTests(TestThreadState testThreadState)
   at TechTalk.SpecRun.Framework.Execution.OutOfProcess.OutOfProcessTestAssemblyExecutor.RunTests(TestThreadState testThreadState)
2021-10-29T16:16:44.0127023+05:30:2021-10-29T16:16:44.0116864+05:30:OutOfProcessTestAssemblyExecutorReceiver - Error at RunTests - TechTalk.SpecFlow.BindingException: The binding methods for before/after feature and before/after test run events must be static! SpecFlowCalculator.Specs:SpecFlowCalculator.Specs.Hooks.Base.BeforeFeature()
   at TechTalk.SpecFlow.ErrorHandling.ErrorProvider.GetNonStaticEventError(IBindingMethod method) in D:\a\1\s\TechTalk.SpecFlow\ErrorHandling\ErrorProvider.cs:line 128
   at TechTalk.SpecFlow.Bindings.Discovery.RuntimeBindingSourceProcessor.ValidateHook(BindingSourceMethod bindingSourceMethod, BindingSourceAttribute hookAttribute, HookType hookType) in D:\a\1\s\TechTalk.SpecFlow\Bindings\Discovery\RuntimeBindingSourceProcessor.cs:line 54
   at TechTalk.SpecFlow.Bindings.Discovery.BindingSourceProcessor.ProcessHookAttribute(BindingSourceMethod bindingSourceMethod, BindingSourceAttribute hookAttribute, BindingScope scope) in D:\a\1\s\TechTalk.SpecFlow\Bindings\Discovery\BindingSourceProcessor.cs:line 168
   at TechTalk.SpecFlow.Bindings.Discovery.BindingSourceProcessor.<>c__DisplayClass21_0.<ProcessHookAttribute>b__1(BindingScope scope) in D:\a\1\s\TechTalk.SpecFlow\Bindings\Discovery\BindingSourceProcessor.cs:line 149
   at TechTalk.SpecFlow.Bindings.Discovery.BindingSourceProcessor.ProcessHookAttribute(BindingSourceMethod bindingSourceMethod, BindingScope[] methodScopes, BindingSourceAttribute hookAttribute) in D:\a\1\s\TechTalk.SpecFlow\Bindings\Discovery\BindingSourceProcessor.cs:line 150
   at TechTalk.SpecFlow.Bindings.Discovery.BindingSourceProcessor.ProcessHooks(BindingSourceMethod bindingSourceMethod, BindingScope[] methodScopes) in D:\a\1\s\TechTalk.SpecFlow\Bindings\Discovery\BindingSourceProcessor.cs:line 121
   at TechTalk.SpecFlow.Bindings.Discovery.BindingSourceProcessor.ProcessMethod(BindingSourceMethod bindingSourceMethod) in D:\a\1\s\TechTalk.SpecFlow\Bindings\Discovery\BindingSourceProcessor.cs:line 108
   at TechTalk.SpecFlow.Bindings.Discovery.RuntimeBindingRegistryBuilder.BuildBindingsFromType(Type type) in D:\a\1\s\TechTalk.SpecFlow\Bindings\Discovery\RuntimeBindingRegistryBuilder.cs:line 49
   at TechTalk.SpecFlow.Bindings.Discovery.RuntimeBindingRegistryBuilder.BuildBindingsFromAssembly(Assembly assembly) in D:\a\1\s\TechTalk.SpecFlow\Bindings\Discovery\RuntimeBindingRegistryBuilder.cs:line 25
   at TechTalk.SpecFlow.TestRunnerManager.BuildBindingRegistry(IEnumerable`1 bindingAssemblies) in D:\a\1\s\TechTalk.SpecFlow\TestRunnerManager.cs:line 92
   at TechTalk.SpecFlow.TestRunnerManager.InitializeBindingRegistry(ITestRunner testRunner) in D:\a\1\s\TechTalk.SpecFlow\TestRunnerManager.cs:line 75
   at TechTalk.SpecFlow.TestRunnerManager.CreateTestRunner(Int32 threadId) in D:\a\1\s\TechTalk.SpecFlow\TestRunnerManager.cs:line 63
   at TechTalk.SpecFlow.TestRunnerManager.GetTestRunnerWithoutExceptionHandling(Int32 threadId) in D:\a\1\s\TechTalk.SpecFlow\TestRunnerManager.cs:line 155
   at TechTalk.SpecFlow.TestRunnerManager.GetTestRunner(Int32 threadId) in D:\a\1\s\TechTalk.SpecFlow\TestRunnerManager.cs:line 136
   at TechTalk.SpecFlow.TestRunnerManager.OnTestRunStart(Assembly testAssembly, IContainerBuilder containerBuilder) in D:\a\1\s\TechTalk.SpecFlow\TestRunnerManager.cs:line 232
   at SpecFlowCalculator_Specs_SpecFlowPlusRunnerAssemblyHooks.AssemblyInitialize() in C:\BDDFramework\SpecFlowCalculator.Specs\obj\Debug\netcoreapp3.1\SpecFlow.Plus.Runner.AssemblyHooks.cs:line 12
   at TechTalk.SpecRun.Framework.TaskExecutors.StaticOrInstanceMethodExecutor.ExecuteInternal(ITestThreadExecutionContext testThreadExecutionContext)
   at TechTalk.SpecRun.Framework.TaskExecutors.StaticOrInstanceMethodExecutor.Execute(ITestThreadExecutionContext testThreadExecutionContext)
   at TechTalk.SpecRun.Framework.TestAssemblyExecutor.RunAssemblyInitializeExecutors(ITestAssemblyExecutorsProvider testAssemblyExecutorsProvider, ITestThreadExecutionContext testThreadExecutionContext)
   at TechTalk.SpecRun.Framework.TestAssemblyExecutor.RunTests(ITestAssemblyExecutorState executorState, ITestAssemblyExecutorsProvider testAssemblyExecutorsProvider, ITestThreadExecutionContext testThreadExecutionContext)
   at TechTalk.SpecRun.Framework.TestAssemblyExecutor.RunTests(TestThreadState testThreadState)
   at TechTalk.SpecRun.Framework.Execution.InProcess.InProcAppDomainTestAssemblyExecutor.RunTests(TestThreadState testThreadState)
   at TechTalk.SpecRun.Framework.Execution.OutOfProcess.OutOfProcessTestAssemblyExecutor.RunTests(TestThreadState testThreadState)
   at TechTalk.SpecRun.Framework.Execution.OutOfProcess.OutOfProcessTestAssemblyExecutorReceiver.RunTests(TestThreadState testThreadState)
2021-10-29T16:16:44.1551952+05:30:test thread #0 error: StreamJsonRpc.RemoteInvocationException: The binding methods for before/after feature and before/after test run events must be static! SpecFlowCalculator.Specs:SpecFlowCalculator.Specs.Hooks.Base.BeforeFeature()
   at StreamJsonRpc.JsonRpc.InvokeCoreAsync[TResult](Nullable`1 id, String targetName, IReadOnlyList`1 arguments, CancellationToken cancellationToken, Boolean isParameterObject)
   at TechTalk.SpecFlow.Plus.RPC.TcpRpcClient.Invoke[T](String methodName, Object[] parameters)
   at TechTalk.SpecFlow.Plus.RPC.AsyncHelper.RunSync[TResult](Func`1 func)
   at TechTalk.SpecRun.Framework.Execution.OutOfProc.StreamJsonRPC.OutOfProcessTestAssemblyExecutorClient.RunTests(TestThreadState testThreadState)
   at TechTalk.SpecRun.Framework.Execution.OutOfProc.StreamJsonRPC.RemoteExecutor.RunTests(TestThreadState testThreadState)
   at TechTalk.SpecRun.Framework.Execution.OutOfProc.StreamJsonRPC.OutOfProcessTestAssemblyExecutorHost.RunTests(TestThreadState testThreadState)
   at TechTalk.SpecRun.Framework.TestThread.RunNonEmptyTestSuite(CancellationToken cancellationToken, TestThreadState testThreadState)
   at TechTalk.SpecRun.Framework.TestThread.Run(ITestExecutionManager executionManagerForRun, CancellationToken cancellationToken)
   at TechTalk.SpecRun.Framework.AsyncTestThreadRunner.RunSync(TestExecutionManager executionManager, CancellationToken cancellationToken)
2021-10-29T16:16:44.1628144+05:30:test thread error: TechTalk.SpecRun.Framework.SpecRunException: At least one test thread aborted.
 ---> StreamJsonRpc.RemoteInvocationException: The binding methods for before/after feature and before/after test run events must be static! SpecFlowCalculator.Specs:SpecFlowCalculator.Specs.Hooks.Base.BeforeFeature()
   at StreamJsonRpc.JsonRpc.InvokeCoreAsync[TResult](Nullable`1 id, String targetName, IReadOnlyList`1 arguments, CancellationToken cancellationToken, Boolean isParameterObject)
   at TechTalk.SpecFlow.Plus.RPC.TcpRpcClient.Invoke[T](String methodName, Object[] parameters)
   at TechTalk.SpecFlow.Plus.RPC.AsyncHelper.RunSync[TResult](Func`1 func)
   at TechTalk.SpecRun.Framework.Execution.OutOfProc.StreamJsonRPC.OutOfProcessTestAssemblyExecutorClient.RunTests(TestThreadState testThreadState)
   at TechTalk.SpecRun.Framework.Execution.OutOfProc.StreamJsonRPC.RemoteExecutor.RunTests(TestThreadState testThreadState)
   at TechTalk.SpecRun.Framework.Execution.OutOfProc.StreamJsonRPC.OutOfProcessTestAssemblyExecutorHost.RunTests(TestThreadState testThreadState)
   at TechTalk.SpecRun.Framework.TestThread.RunNonEmptyTestSuite(CancellationToken cancellationToken, TestThreadState testThreadState)
   at TechTalk.SpecRun.Framework.TestThread.Run(ITestExecutionManager executionManagerForRun, CancellationToken cancellationToken)
   at TechTalk.SpecRun.Framework.AsyncTestThreadRunner.RunSync(TestExecutionManager executionManager, CancellationToken cancellationToken)
   --- End of inner exception stack trace ---
2021-10-29T16:16:44.1841665+05:30:Thread#-1: Test #7/0 is started on thread #-1
2021-10-29T16:16:44.1938056+05:30:Thread#-1: Test #7/0 is finished on thread #-1 as Skipped within 0.0006926 seconds
2021-10-29T16:16:44.2029831+05:30:Thread#-1:Scheduler: get next test for thread -1
2021-10-29T16:16:44.2030350+05:30:Thread#:Scheduler: at the end of normal test queue
2021-10-29T16:16:44.2030377+05:30:Thread#-1:Scheduler: enumerator for thread is at end
2021-10-29T16:16:44.3053631+05:30;Thread#13;Info;test run finished
2021-10-29T16:16:44.3055485+05:30;Thread#13;Info;publishing test results
2021-10-29T16:16:44.3057043+05:30;Thread#13;Info;Not publishing results.
2021-10-29T16:16:44.3057706+05:30;Thread#13;Info;test results published
2021-10-29T16:16:44.3058288+05:30;Thread#13;Info;generating reports
2021-10-29T16:16:44.5613946+05:30;Thread#13;Info;Starting external report generation process
2021-10-29T16:16:56.9577796+05:30;Thread#13;Info;Successfully generated reports.
2021-10-29T16:16:57.0077147+05:30;Thread#13;Info;Successfully generated reports
2021-10-29T16:16:57.0851442+05:30:Total: 1
2021-10-29T16:16:57.0948341+05:30:Succeeded: 0
2021-10-29T16:16:57.0951417+05:30:Ignored: 0
2021-10-29T16:16:57.1039450+05:30:Pending: 0
2021-10-29T16:16:57.1039559+05:30:Skipped: 1
2021-10-29T16:16:57.1043279+05:30:Failed: 0
2021-10-29T16:16:57.1137667+05:30;VSTestExecutionThread;Info;Adding attachments to VSTest
2021-10-29T16:16:57.1138321+05:30;VSTestExecutionThread;Info;adding Test Execution Report 'C:\BDDFramework\TestResults\Unnamed project__2021-10-29T161626.html'
========== End of log file ==========
