2021-10-29T16:14:14.0985215+05:30;VSTestExecutionThread;Info;SpecFlow+Runner execution started
2021-10-29T16:14:14.0987125+05:30;VSTestExecutionThread;Info;SpecFlow+Runner 3.9.7 in Framework netcore31 in x64 mode execution started
2021-10-29T16:14:14.0987164+05:30;VSTestExecutionThread;Info;TestAdapter Location: C:\BDDFramework\SpecFlowCalculator.Specs\bin\Debug\netcoreapp3.1\TechTalk.SpecRun.VisualStudio.TestAdapter.dll
2021-10-29T16:14:14.1042338+05:30;VSTestExecutionThread;Info;Current UserName: 'C278249', MachineName: 'USE2DEVP00496'
2021-10-29T16:14:14.1511683+05:30;VSTestExecutionThread;Info;SpecRun: running tests in C:\BDDFramework\SpecFlowCalculator.Specs\bin\Debug\netcoreapp3.1\SpecFlowCalculator.Specs.dll
2021-10-29T16:14:14.1514546+05:30;VSTestExecutionThread;Info;Output folder configured to "C:\BDDFramework\TestResults" (default)
2021-10-29T16:14:14.1515412+05:30;VSTestExecutionThread;Info;Profile: 
2021-10-29T16:14:14.2189112+05:30;VSTestExecutionThread;Info;Log file path: C:\BDDFramework\TestResults\Unnamed project__2021-10-29T161414.log
2021-10-29T16:14:14.2247213+05:30;Thread#12;Info;Checking activation
2021-10-29T16:14:14.3770739+05:30;Thread#12;Info;Activated.
2021-10-29T16:14:14.3774606+05:30;Thread#12;Info;Activation check completed
2021-10-29T16:14:14.3776177+05:30;Thread#12;Info;Starting test run
2021-10-29T16:14:14.4847480+05:30;Thread#12;Info;Discovering target: Default
2021-10-29T16:14:14.4853044+05:30;Thread#12;Info;Discovering tests from assembly: C:\BDDFramework\SpecFlowCalculator.Specs\bin\Debug\netcoreapp3.1\SpecFlowCalculator.Specs.dll
2021-10-29T16:14:14.6292583+05:30;Thread#12;Info;Discovered tests from assembly: C:\BDDFramework\SpecFlowCalculator.Specs\bin\Debug\netcoreapp3.1\SpecFlowCalculator.Specs.dll
2021-10-29T16:14:14.6305570+05:30:Test Suite Dump
2021-10-29T16:14:14.6321673+05:30:#0: Unnamed project/ - 
2021-10-29T16:14:14.6321975+05:30:#1: Default - 
2021-10-29T16:14:14.6321995+05:30:#2: SpecFlowCalculator.Specs - 
2021-10-29T16:14:14.6322012+05:30:#3: BrowserStack - 
2021-10-29T16:14:14.6333617+05:30:#4: Login within multiple users, Sravankumar1719@gmail.com - TestAssembly:SpecFlowCalculator.Specs/Feature:BrowserStack/Scenario:Login+within+multiple+users%2c+Sravankumar1719%40gmail.com
2021-10-29T16:14:14.6334092+05:30:#5: Login within multiple users, tulasikasarapu001@gmail.com - TestAssembly:SpecFlowCalculator.Specs/Feature:BrowserStack/Scenario:Login+within+multiple+users%2c+tulasikasarapu001%40gmail.com
2021-10-29T16:14:14.6334256+05:30:#6: Login within multiple users, nagasanthi11@gmail.com - TestAssembly:SpecFlowCalculator.Specs/Feature:BrowserStack/Scenario:Login+within+multiple+users%2c+nagasanthi11%40gmail.com
2021-10-29T16:14:14.6334876+05:30:End: Test Suite Dump
2021-10-29T16:14:14.6529423+05:30:Thread#0:Scheduler: get next test for thread 0
2021-10-29T16:14:14.6549025+05:30:Thread#:Scheduler: testitem #4 from normal test queue 
2021-10-29T16:14:14.6549888+05:30:Thread#0:Scheduler: considering testitem #4 for thread 0
2021-10-29T16:14:14.6582117+05:30:Thread#0:TestItem#4:testItemMatchesCurrentTestThread:UnSpecific
2021-10-29T16:14:14.6582299+05:30:Thread#0:TestItem#4:runsOnOneOtherThreadSpecific:False
2021-10-29T16:14:14.6582321+05:30:Thread#0:TestItem#4:runsOnOneOtherThreadUnspecific:False
2021-10-29T16:14:14.6582347+05:30:Thread#0:Scheduler: using testitem #4 for thread 0
2021-10-29T16:14:14.6593227+05:30:Thread#0:Scheduler: Test #4 is scheduled for thread
2021-10-29T16:14:14.6608351+05:30:Thread#0:Scheduler: with testItemExecutionIndex 0
2021-10-29T16:14:14.6644668+05:30:Thread #0: creating new test thread executor for SpecFlowCalculator.Specs, Version=1.0.0.0, Culture=neutral, PublicKeyToken=null (target: Default)
2021-10-29T16:14:14.6671953+05:30:Thread #0: Creating test assembly executor for execution model OutProc
2021-10-29T16:14:14.6674077+05:30:Thread #0: Creating test assembly executor for execution model OutProc
2021-10-29T16:14:14.7185342+05:30:Thread #0: using TechTalk.SpecRun.Framework.Execution.OutOfProc.StreamJsonRPC.OutOfProcessTestAssemblyExecutorHost to execute tests
2021-10-29T16:14:14.7205222+05:30:starting Out Of Process Executor
2021-10-29T16:14:14.8112803+05:30:Assembly resolving Microsoft.VisualStudio.Validation, Version=15.3.0.0, Culture=neutral, PublicKeyToken=b03f5f7f11d50a3a
2021-10-29T16:14:14.8151457+05:30:[AssemblyCache] Trying to resolve 'Microsoft.VisualStudio.Validation' from .deps.json file
2021-10-29T16:14:14.8151681+05:30:[AssemblyCache] Could not resolve 'Microsoft.VisualStudio.Validation' from .deps.json
2021-10-29T16:14:14.8164093+05:30:[AssemblyCache] Trying to resolve 'Microsoft.VisualStudio.Validation' in folder 'C:\BDDFramework\SpecFlowCalculator.Specs\bin\Debug\netcoreapp3.1'
2021-10-29T16:14:14.8170431+05:30:[AssemblyCache] Trying to resolve 'Microsoft.VisualStudio.Validation' to 'C:\BDDFramework\SpecFlowCalculator.Specs\bin\Debug\netcoreapp3.1\Microsoft.VisualStudio.Validation.dll'
2021-10-29T16:14:14.8171626+05:30:[AssemblyCache] Trying to resolve 'Microsoft.VisualStudio.Validation' to 'C:\BDDFramework\SpecFlowCalculator.Specs\bin\Debug\netcoreapp3.1\Microsoft.VisualStudio.Validation.exe'
2021-10-29T16:14:14.8171992+05:30:[AssemblyCache] Could not resolve 'Microsoft.VisualStudio.Validation' in folder 'C:\BDDFramework\SpecFlowCalculator.Specs\bin\Debug\netcoreapp3.1'
2021-10-29T16:14:14.8174501+05:30:TargetFramework: .NETCoreApp,Version=v3.1
2021-10-29T16:14:14.8181393+05:30:Tfm: netcoreapp3.1
2021-10-29T16:14:14.8181577+05:30:[AssemblyCache] Trying to resolve 'Microsoft.VisualStudio.Validation' in folder 'C:\BDDFramework\SpecFlowCalculator.Specs\bin\Debug\netcoreapp3.1\SpecFlowPlusRunner\netcoreapp3.1'
2021-10-29T16:14:14.8181592+05:30:[AssemblyCache] Trying to resolve 'Microsoft.VisualStudio.Validation' to 'C:\BDDFramework\SpecFlowCalculator.Specs\bin\Debug\netcoreapp3.1\SpecFlowPlusRunner\netcoreapp3.1\Microsoft.VisualStudio.Validation.dll'
2021-10-29T16:14:14.8183063+05:30:[AssemblyCache] Found file 'C:\BDDFramework\SpecFlowCalculator.Specs\bin\Debug\netcoreapp3.1\SpecFlowPlusRunner\netcoreapp3.1\Microsoft.VisualStudio.Validation.dll' for assembly 'Microsoft.VisualStudio.Validation'
2021-10-29T16:14:14.8197080+05:30:[AssemblyCache] Resolved 'Microsoft.VisualStudio.Validation' to C:\BDDFramework\SpecFlowCalculator.Specs\bin\Debug\netcoreapp3.1\SpecFlowPlusRunner\netcoreapp3.1\Microsoft.VisualStudio.Validation.dll
2021-10-29T16:14:14.8204115+05:30:Starting callback TCP Rpc server
2021-10-29T16:14:14.8917422+05:30:Asynchronously starting background TCP Rpc Server on port 32768
2021-10-29T16:14:14.8922182+05:30:Started callback TCP Rpc server on port 32768
2021-10-29T16:14:14.8922300+05:30:Starting logger TCP Rpc server
2021-10-29T16:14:14.8949648+05:30:Asynchronously starting background TCP Rpc Server on port 32769
2021-10-29T16:14:14.8949960+05:30:Started logger TCP Rpc server on port 32769
2021-10-29T16:14:15.1681825+05:30:Executing test executor at 'dotnet' 'exec "C:\BDDFramework\SpecFlowCalculator.Specs\bin\Debug\netcoreapp3.1\SpecFlowPlusRunner\netcoreapp3.1\TechTalk.SpecRun.Framework.Executor.anycpu.netcoreapp3_1.dll" --remoteRunnerPid 35712 --uniqueId "2021-10-29T161414" --outputFolder "C:\BDDFramework\TestResults" --callbackPort 32768 --loggerPort 32769' in 'C:\BDDFramework\SpecFlowCalculator.Specs\bin\Debug\netcoreapp3.1'
2021-10-29T16:14:15.3028389+05:30:Executor with PID 36776 has been started successfully.
2021-10-29T16:14:15.3060071+05:30:Out of Process Executor 36776 started
2021-10-29T16:14:15.3060242+05:30:Waiting for endpoint
2021-10-29T16:14:16.2691105+05:30:Assembly resolving Microsoft.VisualStudio.Threading, Version=15.3.0.0, Culture=neutral, PublicKeyToken=b03f5f7f11d50a3a
2021-10-29T16:14:16.2691410+05:30:[AssemblyCache] Trying to resolve 'Microsoft.VisualStudio.Threading' from .deps.json file
2021-10-29T16:14:16.2691442+05:30:[AssemblyCache] Could not resolve 'Microsoft.VisualStudio.Threading' from .deps.json
2021-10-29T16:14:16.2691478+05:30:[AssemblyCache] Trying to resolve 'Microsoft.VisualStudio.Threading' in folder 'C:\BDDFramework\SpecFlowCalculator.Specs\bin\Debug\netcoreapp3.1'
2021-10-29T16:14:16.2691492+05:30:[AssemblyCache] Trying to resolve 'Microsoft.VisualStudio.Threading' to 'C:\BDDFramework\SpecFlowCalculator.Specs\bin\Debug\netcoreapp3.1\Microsoft.VisualStudio.Threading.dll'
2021-10-29T16:14:16.2691755+05:30:[AssemblyCache] Trying to resolve 'Microsoft.VisualStudio.Threading' to 'C:\BDDFramework\SpecFlowCalculator.Specs\bin\Debug\netcoreapp3.1\Microsoft.VisualStudio.Threading.exe'
2021-10-29T16:14:16.2692126+05:30:[AssemblyCache] Could not resolve 'Microsoft.VisualStudio.Threading' in folder 'C:\BDDFramework\SpecFlowCalculator.Specs\bin\Debug\netcoreapp3.1'
2021-10-29T16:14:16.2692168+05:30:TargetFramework: .NETCoreApp,Version=v3.1
2021-10-29T16:14:16.2692513+05:30:Tfm: netcoreapp3.1
2021-10-29T16:14:16.2692574+05:30:[AssemblyCache] Trying to resolve 'Microsoft.VisualStudio.Threading' in folder 'C:\BDDFramework\SpecFlowCalculator.Specs\bin\Debug\netcoreapp3.1\SpecFlowPlusRunner\netcoreapp3.1'
2021-10-29T16:14:16.2692586+05:30:[AssemblyCache] Trying to resolve 'Microsoft.VisualStudio.Threading' to 'C:\BDDFramework\SpecFlowCalculator.Specs\bin\Debug\netcoreapp3.1\SpecFlowPlusRunner\netcoreapp3.1\Microsoft.VisualStudio.Threading.dll'
2021-10-29T16:14:16.2693554+05:30:[AssemblyCache] Found file 'C:\BDDFramework\SpecFlowCalculator.Specs\bin\Debug\netcoreapp3.1\SpecFlowPlusRunner\netcoreapp3.1\Microsoft.VisualStudio.Threading.dll' for assembly 'Microsoft.VisualStudio.Threading'
2021-10-29T16:14:16.2705778+05:30:[AssemblyCache] Resolved 'Microsoft.VisualStudio.Threading' to C:\BDDFramework\SpecFlowCalculator.Specs\bin\Debug\netcoreapp3.1\SpecFlowPlusRunner\netcoreapp3.1\Microsoft.VisualStudio.Threading.dll
2021-10-29T16:14:16.5759603+05:30:Remote executor port received: 32770
2021-10-29T16:14:16.5763890+05:30:Creating executor TCP client on port 32770
2021-10-29T16:14:16.5769154+05:30:Created executor TCP client on port 32770
2021-10-29T16:14:16.5769310+05:30:Connecting to remote executor TCP server
2021-10-29T16:14:16.5791302+05:30:Connected remote executor TCP server
2021-10-29T16:14:16.5793290+05:30:trying to connect to Out of Process Executor the 1 attempt
2021-10-29T16:14:16.5793555+05:30:Connection to Out of Process Executor established in the 1 attempt
2021-10-29T16:14:16.7981094+05:30:2021-10-29T16:14:16.7959997+05:30:OutOfProcessTestAssemblyExecutor: initialized for C:\BDDFramework\SpecFlowCalculator.Specs\bin\Debug\netcoreapp3.1\SpecFlowCalculator.Specs.dll on test thread #0
2021-10-29T16:14:16.8048977+05:30:Endpoint 36776 started
2021-10-29T16:14:16.8255300+05:30:2021-10-29T16:14:16.8250029+05:30:OutOfProcessTestAssemblyExecutor: running tests...
2021-10-29T16:14:16.9360798+05:30:2021-10-29T16:14:16.9356017+05:30:Assembly resolving TechTalk.SpecFlow, Version=3.9.0.0, Culture=neutral, PublicKeyToken=0778194805d6db41
2021-10-29T16:14:16.9393225+05:30:2021-10-29T16:14:16.9390213+05:30:[AssemblyCache] Trying to resolve 'TechTalk.SpecFlow' from .deps.json file
2021-10-29T16:14:16.9427309+05:30:2021-10-29T16:14:16.9424274+05:30:[AssemblyCache] Resolved 'TechTalk.SpecFlow' to 'C:\Users\C278249\.nuget\packages\specflow\3.9.8\lib\netstandard2.0\TechTalk.SpecFlow.dll'
2021-10-29T16:14:17.0938194+05:30:2021-10-29T16:14:17.0932580+05:30:Thread#0:T:-> Loading plugin C:\BDDFramework\SpecFlowCalculator.Specs\bin\Debug\netcoreapp3.1\SpecFlowCalculator.Specs.dll
2021-10-29T16:14:17.0952180+05:30:2021-10-29T16:14:17.0949256+05:30:Assembly resolving Microsoft.Extensions.DependencyModel, Version=1.0.1.0, Culture=neutral, PublicKeyToken=adb9793829ddae60
2021-10-29T16:14:17.0956049+05:30:2021-10-29T16:14:17.0954054+05:30:[AssemblyCache] Trying to resolve 'Microsoft.Extensions.DependencyModel' from .deps.json file
2021-10-29T16:14:17.0968196+05:30:2021-10-29T16:14:17.0962152+05:30:[AssemblyCache] Resolved 'Microsoft.Extensions.DependencyModel' to 'C:\Users\C278249\.nuget\packages\microsoft.extensions.dependencymodel\1.0.3\lib\netstandard1.6\Microsoft.Extensions.DependencyModel.dll'
2021-10-29T16:14:17.2046923+05:30:2021-10-29T16:14:17.2041356+05:30:Assembly resolving Microsoft.DotNet.PlatformAbstractions, Version=1.0.1.0, Culture=neutral, PublicKeyToken=adb9793829ddae60
2021-10-29T16:14:17.2052584+05:30:2021-10-29T16:14:17.2050718+05:30:[AssemblyCache] Trying to resolve 'Microsoft.DotNet.PlatformAbstractions' from .deps.json file
2021-10-29T16:14:17.2059812+05:30:2021-10-29T16:14:17.2057401+05:30:[AssemblyCache] Resolved 'Microsoft.DotNet.PlatformAbstractions' to 'C:\Users\C278249\.nuget\packages\microsoft.dotnet.platformabstractions\1.0.3\lib\netstandard1.3\Microsoft.DotNet.PlatformAbstractions.dll'
2021-10-29T16:14:17.2147306+05:30:2021-10-29T16:14:17.2143918+05:30:Thread#0:T:-> Missing [assembly:RuntimePlugin] attribute in SpecFlowCalculator.Specs, Version=1.0.0.0, Culture=neutral, PublicKeyToken=null. Please check https://go.specflow.org/doc-plugins for details.
2021-10-29T16:14:17.2153419+05:30:2021-10-29T16:14:17.2150794+05:30:Thread#0:T:-> Loading plugin C:\BDDFramework\SpecFlowCalculator.Specs\bin\Debug\netcoreapp3.1\LivingDoc.SpecFlowPlugin.dll
2021-10-29T16:14:17.2698481+05:30:2021-10-29T16:14:17.2692955+05:30:Assembly resolving LivingDoc.Dtos, Version=3.9.0.0, Culture=neutral, PublicKeyToken=null
2021-10-29T16:14:17.2705864+05:30:2021-10-29T16:14:17.2702418+05:30:[AssemblyCache] Trying to resolve 'LivingDoc.Dtos' from .deps.json file
2021-10-29T16:14:17.2714007+05:30:2021-10-29T16:14:17.2711296+05:30:[AssemblyCache] Resolved 'LivingDoc.Dtos' to 'C:\Users\C278249\.nuget\packages\specflow.plus.livingdocplugin\3.9.5\lib\netstandard2.0\LivingDoc.Dtos.dll'
2021-10-29T16:14:17.2751316+05:30:2021-10-29T16:14:17.2748103+05:30:Thread#0:T:-> Loading plugin C:\BDDFramework\SpecFlowCalculator.Specs\bin\Debug\netcoreapp3.1\SpecRun.Runtime.SpecFlowPlugin.dll
2021-10-29T16:14:17.3219496+05:30:2021-10-29T16:14:17.3214191+05:30:Thread#0:T:-> Using default config
2021-10-29T16:14:17.3329367+05:30:2021-10-29T16:14:17.3323818+05:30:Assembly resolving Cucumber.Messages, Version=6.0.1.0, Culture=neutral, PublicKeyToken=b10c5988214f940c
2021-10-29T16:14:17.3334820+05:30:2021-10-29T16:14:17.3332388+05:30:[AssemblyCache] Trying to resolve 'Cucumber.Messages' from .deps.json file
2021-10-29T16:14:17.3343096+05:30:2021-10-29T16:14:17.3340690+05:30:[AssemblyCache] Resolved 'Cucumber.Messages' to 'C:\Users\C278249\.nuget\packages\cucumber.messages\6.0.1\lib\netstandard2.0\Cucumber.Messages.dll'
2021-10-29T16:14:17.3367735+05:30:2021-10-29T16:14:17.3365062+05:30:Assembly resolving Google.Protobuf, Version=3.7.0.0, Culture=neutral, PublicKeyToken=a7d26565bac4d604
2021-10-29T16:14:17.3377399+05:30:2021-10-29T16:14:17.3375265+05:30:[AssemblyCache] Trying to resolve 'Google.Protobuf' from .deps.json file
2021-10-29T16:14:17.3384474+05:30:2021-10-29T16:14:17.3382002+05:30:[AssemblyCache] Resolved 'Google.Protobuf' to 'C:\Users\C278249\.nuget\packages\google.protobuf\3.7.0\lib\netstandard1.0\Google.Protobuf.dll'
2021-10-29T16:14:17.3467549+05:30:2021-10-29T16:14:17.3450409+05:30:Assembly resolving Microsoft.VisualStudio.TestPlatform.ObjectModel, Version=15.0.0.0, Culture=neutral, PublicKeyToken=b03f5f7f11d50a3a
2021-10-29T16:14:17.3509720+05:30:2021-10-29T16:14:17.3476436+05:30:[AssemblyCache] Trying to resolve 'Microsoft.VisualStudio.TestPlatform.ObjectModel' from .deps.json file
2021-10-29T16:14:17.3564403+05:30:2021-10-29T16:14:17.3521074+05:30:[AssemblyCache] Resolved 'Microsoft.VisualStudio.TestPlatform.ObjectModel' to 'C:\Users\C278249\.nuget\packages\microsoft.testplatform.objectmodel\16.5.0\lib\netstandard2.0\Microsoft.VisualStudio.TestPlatform.ObjectModel.dll'
2021-10-29T16:14:17.3885474+05:30:2021-10-29T16:14:17.3831509+05:30:Thread#0:T:-> error: The binding methods for before/after feature and before/after test run events must be static! SpecFlowCalculator.Specs:SpecFlowCalculator.Specs.Hooks.Base.BeforeFeature() (0.0s)
2021-10-29T16:14:17.7817940+05:30:2021-10-29T16:14:17.7779622+05:30:OutOfProcessTestAssemblyExecutor: RunTest error: TechTalk.SpecFlow.BindingException: The binding methods for before/after feature and before/after test run events must be static! SpecFlowCalculator.Specs:SpecFlowCalculator.Specs.Hooks.Base.BeforeFeature()
   at TechTalk.SpecFlow.ErrorHandling.ErrorProvider.GetNonStaticEventError(IBindingMethod method) in D:\a\1\s\TechTalk.SpecFlow\ErrorHandling\ErrorProvider.cs:line 128
   at TechTalk.SpecFlow.Bindings.Discovery.RuntimeBindingSourceProcessor.ValidateHook(BindingSourceMethod bindingSourceMethod, BindingSourceAttribute hookAttribute, HookType hookType) in D:\a\1\s\TechTalk.SpecFlow\Bindings\Discovery\RuntimeBindingSourceProcessor.cs:line 54
   at TechTalk.SpecFlow.Bindings.Discovery.BindingSourceProcessor.ProcessHookAttribute(BindingSourceMethod bindingSourceMethod, BindingSourceAttribute hookAttribute, BindingScope scope) in D:\a\1\s\TechTalk.SpecFlow\Bindings\Discovery\BindingSourceProcessor.cs:line 168
   at TechTalk.SpecFlow.Bindings.Discovery.BindingSourceProcessor.<>c__DisplayClass21_0.<ProcessHookAttribute>b__1(BindingScope scope) in D:\a\1\s\TechTalk.SpecFlow\Bindings\Discovery\BindingSourceProcessor.cs:line 149
   at TechTalk.SpecFlow.Bindings.Discovery.BindingSourceProcessor.ProcessHookAttribute(BindingSourceMethod bindingSourceMethod, BindingScope[] methodScopes, BindingSourceAttribute hookAttribute) in D:\a\1\s\TechTalk.SpecFlow\Bindings\Discovery\BindingSourceProcessor.cs:line 150
   at TechTalk.SpecFlow.Bindings.Discovery.BindingSourceProcessor.ProcessHooks(BindingSourceMethod bindingSourceMethod, BindingScope[] methodScopes) in D:\a\1\s\TechTalk.SpecFlow\Bindings\Discovery\BindingSourceProcessor.cs:line 121
   at TechTalk.SpecFlow.Bindings.Discovery.BindingSourceProcessor.ProcessMethod(BindingSourceMethod bindingSourceMethod) in D:\a\1\s\TechTalk.SpecFlow\Bindings\Discovery\BindingSourceProcessor.cs:line 108
   at TechTalk.SpecFlow.Bindings.Discovery.RuntimeBindingRegistryBuilder.BuildBindingsFromType(Type type) in D:\a\1\s\TechTalk.SpecFlow\Bindings\Discovery\RuntimeBindingRegistryBuilder.cs:line 49
   at TechTalk.SpecFlow.Bindings.Discovery.RuntimeBindingRegistryBuilder.BuildBindingsFromAssembly(Assembly assembly) in D:\a\1\s\TechTalk.SpecFlow\Bindings\Discovery\RuntimeBindingRegistryBuilder.cs:line 25
   at TechTalk.SpecFlow.TestRunnerManager.BuildBindingRegistry(IEnumerable`1 bindingAssemblies) in D:\a\1\s\TechTalk.SpecFlow\TestRunnerManager.cs:line 92
   at TechTalk.SpecFlow.TestRunnerManager.InitializeBindingRegistry(ITestRunner testRunner) in D:\a\1\s\TechTalk.SpecFlow\TestRunnerManager.cs:line 75
   at TechTalk.SpecFlow.TestRunnerManager.CreateTestRunner(Int32 threadId) in D:\a\1\s\TechTalk.SpecFlow\TestRunnerManager.cs:line 63
   at TechTalk.SpecFlow.TestRunnerManager.GetTestRunnerWithoutExceptionHandling(Int32 threadId) in D:\a\1\s\TechTalk.SpecFlow\TestRunnerManager.cs:line 155
   at TechTalk.SpecFlow.TestRunnerManager.GetTestRunner(Int32 threadId) in D:\a\1\s\TechTalk.SpecFlow\TestRunnerManager.cs:line 136
   at TechTalk.SpecFlow.TestRunnerManager.OnTestRunStart(Assembly testAssembly, IContainerBuilder containerBuilder) in D:\a\1\s\TechTalk.SpecFlow\TestRunnerManager.cs:line 232
   at SpecFlowCalculator_Specs_SpecFlowPlusRunnerAssemblyHooks.AssemblyInitialize() in C:\BDDFramework\SpecFlowCalculator.Specs\obj\Debug\netcoreapp3.1\SpecFlow.Plus.Runner.AssemblyHooks.cs:line 12
   at TechTalk.SpecRun.Framework.TaskExecutors.StaticOrInstanceMethodExecutor.ExecuteInternal(ITestThreadExecutionContext testThreadExecutionContext)
   at TechTalk.SpecRun.Framework.TaskExecutors.StaticOrInstanceMethodExecutor.Execute(ITestThreadExecutionContext testThreadExecutionContext)
   at TechTalk.SpecRun.Framework.TestAssemblyExecutor.RunAssemblyInitializeExecutors(ITestAssemblyExecutorsProvider testAssemblyExecutorsProvider, ITestThreadExecutionContext testThreadExecutionContext)
   at TechTalk.SpecRun.Framework.TestAssemblyExecutor.RunTests(ITestAssemblyExecutorState executorState, ITestAssemblyExecutorsProvider testAssemblyExecutorsProvider, ITestThreadExecutionContext testThreadExecutionContext)
   at TechTalk.SpecRun.Framework.TestAssemblyExecutor.RunTests(TestThreadState testThreadState)
   at TechTalk.SpecRun.Framework.Execution.InProcess.InProcAppDomainTestAssemblyExecutor.RunTests(TestThreadState testThreadState)
   at TechTalk.SpecRun.Framework.Execution.OutOfProcess.OutOfProcessTestAssemblyExecutor.RunTests(TestThreadState testThreadState)
2021-10-29T16:14:17.7839991+05:30:2021-10-29T16:14:17.7828789+05:30:OutOfProcessTestAssemblyExecutorReceiver - Error at RunTests - TechTalk.SpecFlow.BindingException: The binding methods for before/after feature and before/after test run events must be static! SpecFlowCalculator.Specs:SpecFlowCalculator.Specs.Hooks.Base.BeforeFeature()
   at TechTalk.SpecFlow.ErrorHandling.ErrorProvider.GetNonStaticEventError(IBindingMethod method) in D:\a\1\s\TechTalk.SpecFlow\ErrorHandling\ErrorProvider.cs:line 128
   at TechTalk.SpecFlow.Bindings.Discovery.RuntimeBindingSourceProcessor.ValidateHook(BindingSourceMethod bindingSourceMethod, BindingSourceAttribute hookAttribute, HookType hookType) in D:\a\1\s\TechTalk.SpecFlow\Bindings\Discovery\RuntimeBindingSourceProcessor.cs:line 54
   at TechTalk.SpecFlow.Bindings.Discovery.BindingSourceProcessor.ProcessHookAttribute(BindingSourceMethod bindingSourceMethod, BindingSourceAttribute hookAttribute, BindingScope scope) in D:\a\1\s\TechTalk.SpecFlow\Bindings\Discovery\BindingSourceProcessor.cs:line 168
   at TechTalk.SpecFlow.Bindings.Discovery.BindingSourceProcessor.<>c__DisplayClass21_0.<ProcessHookAttribute>b__1(BindingScope scope) in D:\a\1\s\TechTalk.SpecFlow\Bindings\Discovery\BindingSourceProcessor.cs:line 149
   at TechTalk.SpecFlow.Bindings.Discovery.BindingSourceProcessor.ProcessHookAttribute(BindingSourceMethod bindingSourceMethod, BindingScope[] methodScopes, BindingSourceAttribute hookAttribute) in D:\a\1\s\TechTalk.SpecFlow\Bindings\Discovery\BindingSourceProcessor.cs:line 150
   at TechTalk.SpecFlow.Bindings.Discovery.BindingSourceProcessor.ProcessHooks(BindingSourceMethod bindingSourceMethod, BindingScope[] methodScopes) in D:\a\1\s\TechTalk.SpecFlow\Bindings\Discovery\BindingSourceProcessor.cs:line 121
   at TechTalk.SpecFlow.Bindings.Discovery.BindingSourceProcessor.ProcessMethod(BindingSourceMethod bindingSourceMethod) in D:\a\1\s\TechTalk.SpecFlow\Bindings\Discovery\BindingSourceProcessor.cs:line 108
   at TechTalk.SpecFlow.Bindings.Discovery.RuntimeBindingRegistryBuilder.BuildBindingsFromType(Type type) in D:\a\1\s\TechTalk.SpecFlow\Bindings\Discovery\RuntimeBindingRegistryBuilder.cs:line 49
   at TechTalk.SpecFlow.Bindings.Discovery.RuntimeBindingRegistryBuilder.BuildBindingsFromAssembly(Assembly assembly) in D:\a\1\s\TechTalk.SpecFlow\Bindings\Discovery\RuntimeBindingRegistryBuilder.cs:line 25
   at TechTalk.SpecFlow.TestRunnerManager.BuildBindingRegistry(IEnumerable`1 bindingAssemblies) in D:\a\1\s\TechTalk.SpecFlow\TestRunnerManager.cs:line 92
   at TechTalk.SpecFlow.TestRunnerManager.InitializeBindingRegistry(ITestRunner testRunner) in D:\a\1\s\TechTalk.SpecFlow\TestRunnerManager.cs:line 75
   at TechTalk.SpecFlow.TestRunnerManager.CreateTestRunner(Int32 threadId) in D:\a\1\s\TechTalk.SpecFlow\TestRunnerManager.cs:line 63
   at TechTalk.SpecFlow.TestRunnerManager.GetTestRunnerWithoutExceptionHandling(Int32 threadId) in D:\a\1\s\TechTalk.SpecFlow\TestRunnerManager.cs:line 155
   at TechTalk.SpecFlow.TestRunnerManager.GetTestRunner(Int32 threadId) in D:\a\1\s\TechTalk.SpecFlow\TestRunnerManager.cs:line 136
   at TechTalk.SpecFlow.TestRunnerManager.OnTestRunStart(Assembly testAssembly, IContainerBuilder containerBuilder) in D:\a\1\s\TechTalk.SpecFlow\TestRunnerManager.cs:line 232
   at SpecFlowCalculator_Specs_SpecFlowPlusRunnerAssemblyHooks.AssemblyInitialize() in C:\BDDFramework\SpecFlowCalculator.Specs\obj\Debug\netcoreapp3.1\SpecFlow.Plus.Runner.AssemblyHooks.cs:line 12
   at TechTalk.SpecRun.Framework.TaskExecutors.StaticOrInstanceMethodExecutor.ExecuteInternal(ITestThreadExecutionContext testThreadExecutionContext)
   at TechTalk.SpecRun.Framework.TaskExecutors.StaticOrInstanceMethodExecutor.Execute(ITestThreadExecutionContext testThreadExecutionContext)
   at TechTalk.SpecRun.Framework.TestAssemblyExecutor.RunAssemblyInitializeExecutors(ITestAssemblyExecutorsProvider testAssemblyExecutorsProvider, ITestThreadExecutionContext testThreadExecutionContext)
   at TechTalk.SpecRun.Framework.TestAssemblyExecutor.RunTests(ITestAssemblyExecutorState executorState, ITestAssemblyExecutorsProvider testAssemblyExecutorsProvider, ITestThreadExecutionContext testThreadExecutionContext)
   at TechTalk.SpecRun.Framework.TestAssemblyExecutor.RunTests(TestThreadState testThreadState)
   at TechTalk.SpecRun.Framework.Execution.InProcess.InProcAppDomainTestAssemblyExecutor.RunTests(TestThreadState testThreadState)
   at TechTalk.SpecRun.Framework.Execution.OutOfProcess.OutOfProcessTestAssemblyExecutor.RunTests(TestThreadState testThreadState)
   at TechTalk.SpecRun.Framework.Execution.OutOfProcess.OutOfProcessTestAssemblyExecutorReceiver.RunTests(TestThreadState testThreadState)
2021-10-29T16:14:17.8251804+05:30:test thread #0 error: StreamJsonRpc.RemoteInvocationException: The binding methods for before/after feature and before/after test run events must be static! SpecFlowCalculator.Specs:SpecFlowCalculator.Specs.Hooks.Base.BeforeFeature()
   at StreamJsonRpc.JsonRpc.InvokeCoreAsync[TResult](Nullable`1 id, String targetName, IReadOnlyList`1 arguments, CancellationToken cancellationToken, Boolean isParameterObject)
   at TechTalk.SpecFlow.Plus.RPC.TcpRpcClient.Invoke[T](String methodName, Object[] parameters)
   at TechTalk.SpecFlow.Plus.RPC.AsyncHelper.RunSync[TResult](Func`1 func)
   at TechTalk.SpecRun.Framework.Execution.OutOfProc.StreamJsonRPC.OutOfProcessTestAssemblyExecutorClient.RunTests(TestThreadState testThreadState)
   at TechTalk.SpecRun.Framework.Execution.OutOfProc.StreamJsonRPC.RemoteExecutor.RunTests(TestThreadState testThreadState)
   at TechTalk.SpecRun.Framework.Execution.OutOfProc.StreamJsonRPC.OutOfProcessTestAssemblyExecutorHost.RunTests(TestThreadState testThreadState)
   at TechTalk.SpecRun.Framework.TestThread.RunNonEmptyTestSuite(CancellationToken cancellationToken, TestThreadState testThreadState)
   at TechTalk.SpecRun.Framework.TestThread.Run(ITestExecutionManager executionManagerForRun, CancellationToken cancellationToken)
   at TechTalk.SpecRun.Framework.AsyncTestThreadRunner.RunSync(TestExecutionManager executionManager, CancellationToken cancellationToken)
2021-10-29T16:14:17.8265397+05:30:test thread error: TechTalk.SpecRun.Framework.SpecRunException: At least one test thread aborted.
 ---> StreamJsonRpc.RemoteInvocationException: The binding methods for before/after feature and before/after test run events must be static! SpecFlowCalculator.Specs:SpecFlowCalculator.Specs.Hooks.Base.BeforeFeature()
   at StreamJsonRpc.JsonRpc.InvokeCoreAsync[TResult](Nullable`1 id, String targetName, IReadOnlyList`1 arguments, CancellationToken cancellationToken, Boolean isParameterObject)
   at TechTalk.SpecFlow.Plus.RPC.TcpRpcClient.Invoke[T](String methodName, Object[] parameters)
   at TechTalk.SpecFlow.Plus.RPC.AsyncHelper.RunSync[TResult](Func`1 func)
   at TechTalk.SpecRun.Framework.Execution.OutOfProc.StreamJsonRPC.OutOfProcessTestAssemblyExecutorClient.RunTests(TestThreadState testThreadState)
   at TechTalk.SpecRun.Framework.Execution.OutOfProc.StreamJsonRPC.RemoteExecutor.RunTests(TestThreadState testThreadState)
   at TechTalk.SpecRun.Framework.Execution.OutOfProc.StreamJsonRPC.OutOfProcessTestAssemblyExecutorHost.RunTests(TestThreadState testThreadState)
   at TechTalk.SpecRun.Framework.TestThread.RunNonEmptyTestSuite(CancellationToken cancellationToken, TestThreadState testThreadState)
   at TechTalk.SpecRun.Framework.TestThread.Run(ITestExecutionManager executionManagerForRun, CancellationToken cancellationToken)
   at TechTalk.SpecRun.Framework.AsyncTestThreadRunner.RunSync(TestExecutionManager executionManager, CancellationToken cancellationToken)
   --- End of inner exception stack trace ---
2021-10-29T16:14:17.8339939+05:30:Thread#-1: Test #4/0 is started on thread #-1
2021-10-29T16:14:17.8358947+05:30:Thread#-1: Test #4/0 is finished on thread #-1 as Skipped within 0.0006927 seconds
2021-10-29T16:14:17.8388526+05:30:Thread#-1:Scheduler: get next test for thread -1
2021-10-29T16:14:17.8389197+05:30:Thread#:Scheduler: testitem #5 from normal test queue 
2021-10-29T16:14:17.8389236+05:30:Thread#-1:Scheduler: considering testitem #5 for thread -1
2021-10-29T16:14:17.8389266+05:30:Thread#-1:Scheduler: using testitem #5 for thread -1
2021-10-29T16:14:17.8389315+05:30:Thread#-1:Scheduler: Test #5 is scheduled for thread
2021-10-29T16:14:17.8390665+05:30:Thread#-1: Test #5/0 is started on thread #-1
2021-10-29T16:14:17.8391411+05:30:Thread#-1: Test #5/0 is finished on thread #-1 as Skipped within 2.07E-05 seconds
2021-10-29T16:14:17.8392173+05:30:Thread#-1:Scheduler: get next test for thread -1
2021-10-29T16:14:17.8392362+05:30:Thread#:Scheduler: testitem #6 from normal test queue 
2021-10-29T16:14:17.8392388+05:30:Thread#-1:Scheduler: considering testitem #6 for thread -1
2021-10-29T16:14:17.8392474+05:30:Thread#-1:Scheduler: using testitem #6 for thread -1
2021-10-29T16:14:17.8392492+05:30:Thread#-1:Scheduler: Test #6 is scheduled for thread
2021-10-29T16:14:17.8392662+05:30:Thread#-1: Test #6/0 is started on thread #-1
2021-10-29T16:14:17.8392801+05:30:Thread#-1: Test #6/0 is finished on thread #-1 as Skipped within 2E-06 seconds
2021-10-29T16:14:17.8393088+05:30:Thread#-1:Scheduler: get next test for thread -1
2021-10-29T16:14:17.8393124+05:30:Thread#:Scheduler: at the end of normal test queue
2021-10-29T16:14:17.8393139+05:30:Thread#-1:Scheduler: enumerator for thread is at end
2021-10-29T16:14:17.8786607+05:30;Thread#12;Info;test run finished
2021-10-29T16:14:17.8788085+05:30;Thread#12;Info;publishing test results
2021-10-29T16:14:17.8789800+05:30;Thread#12;Info;Not publishing results.
2021-10-29T16:14:17.8790563+05:30;Thread#12;Info;test results published
2021-10-29T16:14:17.8790918+05:30;Thread#12;Info;generating reports
2021-10-29T16:14:17.9654009+05:30;Thread#12;Info;Starting external report generation process
2021-10-29T16:14:22.5534136+05:30;Thread#12;Info;Successfully generated reports.
2021-10-29T16:14:22.5614389+05:30;Thread#12;Info;Successfully generated reports
2021-10-29T16:14:22.5770796+05:30:Total: 3
2021-10-29T16:14:22.5798181+05:30:Succeeded: 0
2021-10-29T16:14:22.5801419+05:30:Ignored: 0
2021-10-29T16:14:22.5804152+05:30:Pending: 0
2021-10-29T16:14:22.5804211+05:30:Skipped: 3
2021-10-29T16:14:22.5806510+05:30:Failed: 0
2021-10-29T16:14:22.5825280+05:30;VSTestExecutionThread;Info;Adding attachments to VSTest
2021-10-29T16:14:22.5826592+05:30;VSTestExecutionThread;Info;adding Test Execution Report 'C:\BDDFramework\TestResults\Unnamed project__2021-10-29T161414.html'
========== End of log file ==========
