2021-10-29T16:19:40.5353848+05:30;VSTestExecutionThread;Info;SpecFlow+Runner execution started
2021-10-29T16:19:40.5355763+05:30;VSTestExecutionThread;Info;SpecFlow+Runner 3.9.7 in Framework netcore31 in x64 mode execution started
2021-10-29T16:19:40.5355803+05:30;VSTestExecutionThread;Info;TestAdapter Location: C:\BDDFramework\SpecFlowCalculator.Specs\bin\Debug\netcoreapp3.1\TechTalk.SpecRun.VisualStudio.TestAdapter.dll
2021-10-29T16:19:40.5401798+05:30;VSTestExecutionThread;Info;Current UserName: 'C278249', MachineName: 'USE2DEVP00496'
2021-10-29T16:19:40.5861762+05:30;VSTestExecutionThread;Info;SpecRun: running tests in C:\BDDFramework\SpecFlowCalculator.Specs\bin\Debug\netcoreapp3.1\SpecFlowCalculator.Specs.dll
2021-10-29T16:19:40.5867413+05:30;VSTestExecutionThread;Info;Output folder configured to "C:\BDDFramework\TestResults" (default)
2021-10-29T16:19:40.5868587+05:30;VSTestExecutionThread;Info;Profile: 
2021-10-29T16:19:40.6513271+05:30;VSTestExecutionThread;Info;Log file path: C:\BDDFramework\TestResults\Unnamed project__2021-10-29T161940.log
2021-10-29T16:19:40.6566554+05:30;Thread#12;Info;Checking activation
2021-10-29T16:19:40.8002990+05:30;Thread#12;Info;Activated.
2021-10-29T16:19:40.8006405+05:30;Thread#12;Info;Activation check completed
2021-10-29T16:19:40.8007983+05:30;Thread#12;Info;Starting test run
2021-10-29T16:19:40.9201617+05:30;Thread#12;Info;Discovering target: Default
2021-10-29T16:19:40.9203636+05:30;Thread#12;Info;Discovering tests from assembly: C:\BDDFramework\SpecFlowCalculator.Specs\bin\Debug\netcoreapp3.1\SpecFlowCalculator.Specs.dll
2021-10-29T16:19:41.0379109+05:30;Thread#12;Info;Discovered tests from assembly: C:\BDDFramework\SpecFlowCalculator.Specs\bin\Debug\netcoreapp3.1\SpecFlowCalculator.Specs.dll
2021-10-29T16:19:41.0390308+05:30:Test Suite Dump
2021-10-29T16:19:41.0407346+05:30:#0: Unnamed project/ - 
2021-10-29T16:19:41.0407617+05:30:#1: Default - 
2021-10-29T16:19:41.0407637+05:30:#2: SpecFlowCalculator.Specs - 
2021-10-29T16:19:41.0407651+05:30:#3: BrowserStack - 
2021-10-29T16:19:41.0419911+05:30:#7: Login with invalid credentials - TestAssembly:SpecFlowCalculator.Specs/Feature:BrowserStack/Scenario:Login+with+invalid+credentials
2021-10-29T16:19:41.0420648+05:30:End: Test Suite Dump
2021-10-29T16:19:41.0590002+05:30:Thread#0:Scheduler: get next test for thread 0
2021-10-29T16:19:41.0614893+05:30:Thread#:Scheduler: testitem #7 from normal test queue 
2021-10-29T16:19:41.0615770+05:30:Thread#0:Scheduler: considering testitem #7 for thread 0
2021-10-29T16:19:41.0647031+05:30:Thread#0:TestItem#7:testItemMatchesCurrentTestThread:UnSpecific
2021-10-29T16:19:41.0647207+05:30:Thread#0:TestItem#7:runsOnOneOtherThreadSpecific:False
2021-10-29T16:19:41.0647227+05:30:Thread#0:TestItem#7:runsOnOneOtherThreadUnspecific:False
2021-10-29T16:19:41.0647254+05:30:Thread#0:Scheduler: using testitem #7 for thread 0
2021-10-29T16:19:41.0654503+05:30:Thread#0:Scheduler: Test #7 is scheduled for thread
2021-10-29T16:19:41.0668359+05:30:Thread#0:Scheduler: with testItemExecutionIndex 0
2021-10-29T16:19:41.0694620+05:30:Thread #0: creating new test thread executor for SpecFlowCalculator.Specs, Version=1.0.0.0, Culture=neutral, PublicKeyToken=null (target: Default)
2021-10-29T16:19:41.0723832+05:30:Thread #0: Creating test assembly executor for execution model OutProc
2021-10-29T16:19:41.0726021+05:30:Thread #0: Creating test assembly executor for execution model OutProc
2021-10-29T16:19:41.0778719+05:30:Thread #0: using TechTalk.SpecRun.Framework.Execution.OutOfProc.StreamJsonRPC.OutOfProcessTestAssemblyExecutorHost to execute tests
2021-10-29T16:19:41.0799640+05:30:starting Out Of Process Executor
2021-10-29T16:19:41.0833231+05:30:Assembly resolving Microsoft.VisualStudio.Validation, Version=15.3.0.0, Culture=neutral, PublicKeyToken=b03f5f7f11d50a3a
2021-10-29T16:19:41.0860236+05:30:[AssemblyCache] Trying to resolve 'Microsoft.VisualStudio.Validation' from .deps.json file
2021-10-29T16:19:41.0860482+05:30:[AssemblyCache] Could not resolve 'Microsoft.VisualStudio.Validation' from .deps.json
2021-10-29T16:19:41.0872604+05:30:[AssemblyCache] Trying to resolve 'Microsoft.VisualStudio.Validation' in folder 'C:\BDDFramework\SpecFlowCalculator.Specs\bin\Debug\netcoreapp3.1'
2021-10-29T16:19:41.0876911+05:30:[AssemblyCache] Trying to resolve 'Microsoft.VisualStudio.Validation' to 'C:\BDDFramework\SpecFlowCalculator.Specs\bin\Debug\netcoreapp3.1\Microsoft.VisualStudio.Validation.dll'
2021-10-29T16:19:41.0878097+05:30:[AssemblyCache] Trying to resolve 'Microsoft.VisualStudio.Validation' to 'C:\BDDFramework\SpecFlowCalculator.Specs\bin\Debug\netcoreapp3.1\Microsoft.VisualStudio.Validation.exe'
2021-10-29T16:19:41.0878513+05:30:[AssemblyCache] Could not resolve 'Microsoft.VisualStudio.Validation' in folder 'C:\BDDFramework\SpecFlowCalculator.Specs\bin\Debug\netcoreapp3.1'
2021-10-29T16:19:41.0880895+05:30:TargetFramework: .NETCoreApp,Version=v3.1
2021-10-29T16:19:41.0887322+05:30:Tfm: netcoreapp3.1
2021-10-29T16:19:41.0887515+05:30:[AssemblyCache] Trying to resolve 'Microsoft.VisualStudio.Validation' in folder 'C:\BDDFramework\SpecFlowCalculator.Specs\bin\Debug\netcoreapp3.1\SpecFlowPlusRunner\netcoreapp3.1'
2021-10-29T16:19:41.0887530+05:30:[AssemblyCache] Trying to resolve 'Microsoft.VisualStudio.Validation' to 'C:\BDDFramework\SpecFlowCalculator.Specs\bin\Debug\netcoreapp3.1\SpecFlowPlusRunner\netcoreapp3.1\Microsoft.VisualStudio.Validation.dll'
2021-10-29T16:19:41.0889456+05:30:[AssemblyCache] Found file 'C:\BDDFramework\SpecFlowCalculator.Specs\bin\Debug\netcoreapp3.1\SpecFlowPlusRunner\netcoreapp3.1\Microsoft.VisualStudio.Validation.dll' for assembly 'Microsoft.VisualStudio.Validation'
2021-10-29T16:19:41.0901869+05:30:[AssemblyCache] Resolved 'Microsoft.VisualStudio.Validation' to C:\BDDFramework\SpecFlowCalculator.Specs\bin\Debug\netcoreapp3.1\SpecFlowPlusRunner\netcoreapp3.1\Microsoft.VisualStudio.Validation.dll
2021-10-29T16:19:41.0909122+05:30:Starting callback TCP Rpc server
2021-10-29T16:19:41.1146269+05:30:Asynchronously starting background TCP Rpc Server on port 32768
2021-10-29T16:19:41.1146920+05:30:Started callback TCP Rpc server on port 32768
2021-10-29T16:19:41.1146940+05:30:Starting logger TCP Rpc server
2021-10-29T16:19:41.1176694+05:30:Asynchronously starting background TCP Rpc Server on port 32769
2021-10-29T16:19:41.1177019+05:30:Started logger TCP Rpc server on port 32769
2021-10-29T16:19:41.2072093+05:30:Executing test executor at 'dotnet' 'exec "C:\BDDFramework\SpecFlowCalculator.Specs\bin\Debug\netcoreapp3.1\SpecFlowPlusRunner\netcoreapp3.1\TechTalk.SpecRun.Framework.Executor.anycpu.netcoreapp3_1.dll" --remoteRunnerPid 13448 --uniqueId "2021-10-29T161940" --outputFolder "C:\BDDFramework\TestResults" --callbackPort 32768 --loggerPort 32769' in 'C:\BDDFramework\SpecFlowCalculator.Specs\bin\Debug\netcoreapp3.1'
2021-10-29T16:19:41.2449340+05:30:Executor with PID 4828 has been started successfully.
2021-10-29T16:19:41.2479213+05:30:Out of Process Executor 4828 started
2021-10-29T16:19:41.2479408+05:30:Waiting for endpoint
2021-10-29T16:19:41.7512064+05:30:Assembly resolving Microsoft.VisualStudio.Threading, Version=15.3.0.0, Culture=neutral, PublicKeyToken=b03f5f7f11d50a3a
2021-10-29T16:19:41.7512333+05:30:[AssemblyCache] Trying to resolve 'Microsoft.VisualStudio.Threading' from .deps.json file
2021-10-29T16:19:41.7512361+05:30:[AssemblyCache] Could not resolve 'Microsoft.VisualStudio.Threading' from .deps.json
2021-10-29T16:19:41.7512390+05:30:[AssemblyCache] Trying to resolve 'Microsoft.VisualStudio.Threading' in folder 'C:\BDDFramework\SpecFlowCalculator.Specs\bin\Debug\netcoreapp3.1'
2021-10-29T16:19:41.7512483+05:30:[AssemblyCache] Trying to resolve 'Microsoft.VisualStudio.Threading' to 'C:\BDDFramework\SpecFlowCalculator.Specs\bin\Debug\netcoreapp3.1\Microsoft.VisualStudio.Threading.dll'
2021-10-29T16:19:41.7512765+05:30:[AssemblyCache] Trying to resolve 'Microsoft.VisualStudio.Threading' to 'C:\BDDFramework\SpecFlowCalculator.Specs\bin\Debug\netcoreapp3.1\Microsoft.VisualStudio.Threading.exe'
2021-10-29T16:19:41.7513176+05:30:[AssemblyCache] Could not resolve 'Microsoft.VisualStudio.Threading' in folder 'C:\BDDFramework\SpecFlowCalculator.Specs\bin\Debug\netcoreapp3.1'
2021-10-29T16:19:41.7513206+05:30:TargetFramework: .NETCoreApp,Version=v3.1
2021-10-29T16:19:41.7513536+05:30:Tfm: netcoreapp3.1
2021-10-29T16:19:41.7513575+05:30:[AssemblyCache] Trying to resolve 'Microsoft.VisualStudio.Threading' in folder 'C:\BDDFramework\SpecFlowCalculator.Specs\bin\Debug\netcoreapp3.1\SpecFlowPlusRunner\netcoreapp3.1'
2021-10-29T16:19:41.7513629+05:30:[AssemblyCache] Trying to resolve 'Microsoft.VisualStudio.Threading' to 'C:\BDDFramework\SpecFlowCalculator.Specs\bin\Debug\netcoreapp3.1\SpecFlowPlusRunner\netcoreapp3.1\Microsoft.VisualStudio.Threading.dll'
2021-10-29T16:19:41.7514594+05:30:[AssemblyCache] Found file 'C:\BDDFramework\SpecFlowCalculator.Specs\bin\Debug\netcoreapp3.1\SpecFlowPlusRunner\netcoreapp3.1\Microsoft.VisualStudio.Threading.dll' for assembly 'Microsoft.VisualStudio.Threading'
2021-10-29T16:19:41.7525139+05:30:[AssemblyCache] Resolved 'Microsoft.VisualStudio.Threading' to C:\BDDFramework\SpecFlowCalculator.Specs\bin\Debug\netcoreapp3.1\SpecFlowPlusRunner\netcoreapp3.1\Microsoft.VisualStudio.Threading.dll
2021-10-29T16:19:42.4809307+05:30:Remote executor port received: 32770
2021-10-29T16:19:42.4813447+05:30:Creating executor TCP client on port 32770
2021-10-29T16:19:42.4819601+05:30:Created executor TCP client on port 32770
2021-10-29T16:19:42.4819766+05:30:Connecting to remote executor TCP server
2021-10-29T16:19:42.4835957+05:30:Connected remote executor TCP server
2021-10-29T16:19:42.4837934+05:30:trying to connect to Out of Process Executor the 1 attempt
2021-10-29T16:19:42.4838252+05:30:Connection to Out of Process Executor established in the 1 attempt
2021-10-29T16:19:42.6504350+05:30:2021-10-29T16:19:42.6489423+05:30:OutOfProcessTestAssemblyExecutor: initialized for C:\BDDFramework\SpecFlowCalculator.Specs\bin\Debug\netcoreapp3.1\SpecFlowCalculator.Specs.dll on test thread #0
2021-10-29T16:19:42.6557248+05:30:Endpoint 4828 started
2021-10-29T16:19:42.6748275+05:30:2021-10-29T16:19:42.6744623+05:30:OutOfProcessTestAssemblyExecutor: running tests...
2021-10-29T16:19:42.7900412+05:30:2021-10-29T16:19:42.7895570+05:30:Assembly resolving TechTalk.SpecFlow, Version=3.9.0.0, Culture=neutral, PublicKeyToken=0778194805d6db41
2021-10-29T16:19:42.7932413+05:30:2021-10-29T16:19:42.7929667+05:30:[AssemblyCache] Trying to resolve 'TechTalk.SpecFlow' from .deps.json file
2021-10-29T16:19:42.7973589+05:30:2021-10-29T16:19:42.7964346+05:30:[AssemblyCache] Resolved 'TechTalk.SpecFlow' to 'C:\Users\C278249\.nuget\packages\specflow\3.9.8\lib\netstandard2.0\TechTalk.SpecFlow.dll'
2021-10-29T16:19:42.9325144+05:30:2021-10-29T16:19:42.9308661+05:30:Thread#0:T:-> Loading plugin C:\BDDFramework\SpecFlowCalculator.Specs\bin\Debug\netcoreapp3.1\SpecFlowCalculator.Specs.dll
2021-10-29T16:19:42.9364790+05:30:2021-10-29T16:19:42.9345764+05:30:Assembly resolving Microsoft.Extensions.DependencyModel, Version=1.0.1.0, Culture=neutral, PublicKeyToken=adb9793829ddae60
2021-10-29T16:19:42.9390234+05:30:2021-10-29T16:19:42.9372298+05:30:[AssemblyCache] Trying to resolve 'Microsoft.Extensions.DependencyModel' from .deps.json file
2021-10-29T16:19:42.9441147+05:30:2021-10-29T16:19:42.9408514+05:30:[AssemblyCache] Resolved 'Microsoft.Extensions.DependencyModel' to 'C:\Users\C278249\.nuget\packages\microsoft.extensions.dependencymodel\1.0.3\lib\netstandard1.6\Microsoft.Extensions.DependencyModel.dll'
2021-10-29T16:19:42.9979535+05:30:2021-10-29T16:19:42.9963240+05:30:Assembly resolving Microsoft.DotNet.PlatformAbstractions, Version=1.0.1.0, Culture=neutral, PublicKeyToken=adb9793829ddae60
2021-10-29T16:19:42.9988925+05:30:2021-10-29T16:19:42.9986096+05:30:[AssemblyCache] Trying to resolve 'Microsoft.DotNet.PlatformAbstractions' from .deps.json file
2021-10-29T16:19:42.9996469+05:30:2021-10-29T16:19:42.9993818+05:30:[AssemblyCache] Resolved 'Microsoft.DotNet.PlatformAbstractions' to 'C:\Users\C278249\.nuget\packages\microsoft.dotnet.platformabstractions\1.0.3\lib\netstandard1.3\Microsoft.DotNet.PlatformAbstractions.dll'
2021-10-29T16:19:43.0084978+05:30:2021-10-29T16:19:43.0082244+05:30:Thread#0:T:-> Missing [assembly:RuntimePlugin] attribute in SpecFlowCalculator.Specs, Version=1.0.0.0, Culture=neutral, PublicKeyToken=null. Please check https://go.specflow.org/doc-plugins for details.
2021-10-29T16:19:43.0091041+05:30:2021-10-29T16:19:43.0088500+05:30:Thread#0:T:-> Loading plugin C:\BDDFramework\SpecFlowCalculator.Specs\bin\Debug\netcoreapp3.1\LivingDoc.SpecFlowPlugin.dll
2021-10-29T16:19:43.0121631+05:30:2021-10-29T16:19:43.0118206+05:30:Assembly resolving LivingDoc.Dtos, Version=3.9.0.0, Culture=neutral, PublicKeyToken=null
2021-10-29T16:19:43.0133867+05:30:2021-10-29T16:19:43.0126543+05:30:[AssemblyCache] Trying to resolve 'LivingDoc.Dtos' from .deps.json file
2021-10-29T16:19:43.0141557+05:30:2021-10-29T16:19:43.0138825+05:30:[AssemblyCache] Resolved 'LivingDoc.Dtos' to 'C:\Users\C278249\.nuget\packages\specflow.plus.livingdocplugin\3.9.5\lib\netstandard2.0\LivingDoc.Dtos.dll'
2021-10-29T16:19:43.0171484+05:30:2021-10-29T16:19:43.0166694+05:30:Thread#0:T:-> Loading plugin C:\BDDFramework\SpecFlowCalculator.Specs\bin\Debug\netcoreapp3.1\SpecRun.Runtime.SpecFlowPlugin.dll
2021-10-29T16:19:43.0263007+05:30:2021-10-29T16:19:43.0260237+05:30:Thread#0:T:-> Using default config
2021-10-29T16:19:43.0378977+05:30:2021-10-29T16:19:43.0374923+05:30:Assembly resolving Cucumber.Messages, Version=6.0.1.0, Culture=neutral, PublicKeyToken=b10c5988214f940c
2021-10-29T16:19:43.0383330+05:30:2021-10-29T16:19:43.0381463+05:30:[AssemblyCache] Trying to resolve 'Cucumber.Messages' from .deps.json file
2021-10-29T16:19:43.0391059+05:30:2021-10-29T16:19:43.0388356+05:30:[AssemblyCache] Resolved 'Cucumber.Messages' to 'C:\Users\C278249\.nuget\packages\cucumber.messages\6.0.1\lib\netstandard2.0\Cucumber.Messages.dll'
2021-10-29T16:19:43.0420920+05:30:2021-10-29T16:19:43.0408780+05:30:Assembly resolving Google.Protobuf, Version=3.7.0.0, Culture=neutral, PublicKeyToken=a7d26565bac4d604
2021-10-29T16:19:43.0430365+05:30:2021-10-29T16:19:43.0423547+05:30:[AssemblyCache] Trying to resolve 'Google.Protobuf' from .deps.json file
2021-10-29T16:19:43.0443512+05:30:2021-10-29T16:19:43.0436087+05:30:[AssemblyCache] Resolved 'Google.Protobuf' to 'C:\Users\C278249\.nuget\packages\google.protobuf\3.7.0\lib\netstandard1.0\Google.Protobuf.dll'
2021-10-29T16:19:43.0527477+05:30:2021-10-29T16:19:43.0524802+05:30:Assembly resolving Microsoft.VisualStudio.TestPlatform.ObjectModel, Version=15.0.0.0, Culture=neutral, PublicKeyToken=b03f5f7f11d50a3a
2021-10-29T16:19:43.0531582+05:30:2021-10-29T16:19:43.0529725+05:30:[AssemblyCache] Trying to resolve 'Microsoft.VisualStudio.TestPlatform.ObjectModel' from .deps.json file
2021-10-29T16:19:43.0539541+05:30:2021-10-29T16:19:43.0537089+05:30:[AssemblyCache] Resolved 'Microsoft.VisualStudio.TestPlatform.ObjectModel' to 'C:\Users\C278249\.nuget\packages\microsoft.testplatform.objectmodel\16.5.0\lib\netstandard2.0\Microsoft.VisualStudio.TestPlatform.ObjectModel.dll'
2021-10-29T16:19:43.0818360+05:30:2021-10-29T16:19:43.0812995+05:30:Thread#0:T:-> error: The binding methods for before/after feature and before/after test run events must be static! SpecFlowCalculator.Specs:SpecFlowCalculator.Specs.Hooks.Base.BeforeFeature() (0.0s)
2021-10-29T16:19:43.1319259+05:30:2021-10-29T16:19:43.1311886+05:30:OutOfProcessTestAssemblyExecutor: RunTest error: TechTalk.SpecFlow.BindingException: The binding methods for before/after feature and before/after test run events must be static! SpecFlowCalculator.Specs:SpecFlowCalculator.Specs.Hooks.Base.BeforeFeature()
   at TechTalk.SpecFlow.ErrorHandling.ErrorProvider.GetNonStaticEventError(IBindingMethod method) in D:\a\1\s\TechTalk.SpecFlow\ErrorHandling\ErrorProvider.cs:line 128
   at TechTalk.SpecFlow.Bindings.Discovery.RuntimeBindingSourceProcessor.ValidateHook(BindingSourceMethod bindingSourceMethod, BindingSourceAttribute hookAttribute, HookType hookType) in D:\a\1\s\TechTalk.SpecFlow\Bindings\Discovery\RuntimeBindingSourceProcessor.cs:line 54
   at TechTalk.SpecFlow.Bindings.Discovery.BindingSourceProcessor.ProcessHookAttribute(BindingSourceMethod bindingSourceMethod, BindingSourceAttribute hookAttribute, BindingScope scope) in D:\a\1\s\TechTalk.SpecFlow\Bindings\Discovery\BindingSourceProcessor.cs:line 168
   at TechTalk.SpecFlow.Bindings.Discovery.BindingSourceProcessor.<>c__DisplayClass21_0.<ProcessHookAttribute>b__1(BindingScope scope) in D:\a\1\s\TechTalk.SpecFlow\Bindings\Discovery\BindingSourceProcessor.cs:line 149
   at TechTalk.SpecFlow.Bindings.Discovery.BindingSourceProcessor.ProcessHookAttribute(BindingSourceMethod bindingSourceMethod, BindingScope[] methodScopes, BindingSourceAttribute hookAttribute) in D:\a\1\s\TechTalk.SpecFlow\Bindings\Discovery\BindingSourceProcessor.cs:line 150
   at TechTalk.SpecFlow.Bindings.Discovery.BindingSourceProcessor.ProcessHooks(BindingSourceMethod bindingSourceMethod, BindingScope[] methodScopes) in D:\a\1\s\TechTalk.SpecFlow\Bindings\Discovery\BindingSourceProcessor.cs:line 121
   at TechTalk.SpecFlow.Bindings.Discovery.BindingSourceProcessor.ProcessMethod(BindingSourceMethod bindingSourceMethod) in D:\a\1\s\TechTalk.SpecFlow\Bindings\Discovery\BindingSourceProcessor.cs:line 108
   at TechTalk.SpecFlow.Bindings.Discovery.RuntimeBindingRegistryBuilder.BuildBindingsFromType(Type type) in D:\a\1\s\TechTalk.SpecFlow\Bindings\Discovery\RuntimeBindingRegistryBuilder.cs:line 49
   at TechTalk.SpecFlow.Bindings.Discovery.RuntimeBindingRegistryBuilder.BuildBindingsFromAssembly(Assembly assembly) in D:\a\1\s\TechTalk.SpecFlow\Bindings\Discovery\RuntimeBindingRegistryBuilder.cs:line 25
   at TechTalk.SpecFlow.TestRunnerManager.BuildBindingRegistry(IEnumerable`1 bindingAssemblies) in D:\a\1\s\TechTalk.SpecFlow\TestRunnerManager.cs:line 92
   at TechTalk.SpecFlow.TestRunnerManager.InitializeBindingRegistry(ITestRunner testRunner) in D:\a\1\s\TechTalk.SpecFlow\TestRunnerManager.cs:line 75
   at TechTalk.SpecFlow.TestRunnerManager.CreateTestRunner(Int32 threadId) in D:\a\1\s\TechTalk.SpecFlow\TestRunnerManager.cs:line 63
   at TechTalk.SpecFlow.TestRunnerManager.GetTestRunnerWithoutExceptionHandling(Int32 threadId) in D:\a\1\s\TechTalk.SpecFlow\TestRunnerManager.cs:line 155
   at TechTalk.SpecFlow.TestRunnerManager.GetTestRunner(Int32 threadId) in D:\a\1\s\TechTalk.SpecFlow\TestRunnerManager.cs:line 136
   at TechTalk.SpecFlow.TestRunnerManager.OnTestRunStart(Assembly testAssembly, IContainerBuilder containerBuilder) in D:\a\1\s\TechTalk.SpecFlow\TestRunnerManager.cs:line 232
   at SpecFlowCalculator_Specs_SpecFlowPlusRunnerAssemblyHooks.AssemblyInitialize() in C:\BDDFramework\SpecFlowCalculator.Specs\obj\Debug\netcoreapp3.1\SpecFlow.Plus.Runner.AssemblyHooks.cs:line 12
   at TechTalk.SpecRun.Framework.TaskExecutors.StaticOrInstanceMethodExecutor.ExecuteInternal(ITestThreadExecutionContext testThreadExecutionContext)
   at TechTalk.SpecRun.Framework.TaskExecutors.StaticOrInstanceMethodExecutor.Execute(ITestThreadExecutionContext testThreadExecutionContext)
   at TechTalk.SpecRun.Framework.TestAssemblyExecutor.RunAssemblyInitializeExecutors(ITestAssemblyExecutorsProvider testAssemblyExecutorsProvider, ITestThreadExecutionContext testThreadExecutionContext)
   at TechTalk.SpecRun.Framework.TestAssemblyExecutor.RunTests(ITestAssemblyExecutorState executorState, ITestAssemblyExecutorsProvider testAssemblyExecutorsProvider, ITestThreadExecutionContext testThreadExecutionContext)
   at TechTalk.SpecRun.Framework.TestAssemblyExecutor.RunTests(TestThreadState testThreadState)
   at TechTalk.SpecRun.Framework.Execution.InProcess.InProcAppDomainTestAssemblyExecutor.RunTests(TestThreadState testThreadState)
   at TechTalk.SpecRun.Framework.Execution.OutOfProcess.OutOfProcessTestAssemblyExecutor.RunTests(TestThreadState testThreadState)
2021-10-29T16:19:43.1333760+05:30:2021-10-29T16:19:43.1326790+05:30:OutOfProcessTestAssemblyExecutorReceiver - Error at RunTests - TechTalk.SpecFlow.BindingException: The binding methods for before/after feature and before/after test run events must be static! SpecFlowCalculator.Specs:SpecFlowCalculator.Specs.Hooks.Base.BeforeFeature()
   at TechTalk.SpecFlow.ErrorHandling.ErrorProvider.GetNonStaticEventError(IBindingMethod method) in D:\a\1\s\TechTalk.SpecFlow\ErrorHandling\ErrorProvider.cs:line 128
   at TechTalk.SpecFlow.Bindings.Discovery.RuntimeBindingSourceProcessor.ValidateHook(BindingSourceMethod bindingSourceMethod, BindingSourceAttribute hookAttribute, HookType hookType) in D:\a\1\s\TechTalk.SpecFlow\Bindings\Discovery\RuntimeBindingSourceProcessor.cs:line 54
   at TechTalk.SpecFlow.Bindings.Discovery.BindingSourceProcessor.ProcessHookAttribute(BindingSourceMethod bindingSourceMethod, BindingSourceAttribute hookAttribute, BindingScope scope) in D:\a\1\s\TechTalk.SpecFlow\Bindings\Discovery\BindingSourceProcessor.cs:line 168
   at TechTalk.SpecFlow.Bindings.Discovery.BindingSourceProcessor.<>c__DisplayClass21_0.<ProcessHookAttribute>b__1(BindingScope scope) in D:\a\1\s\TechTalk.SpecFlow\Bindings\Discovery\BindingSourceProcessor.cs:line 149
   at TechTalk.SpecFlow.Bindings.Discovery.BindingSourceProcessor.ProcessHookAttribute(BindingSourceMethod bindingSourceMethod, BindingScope[] methodScopes, BindingSourceAttribute hookAttribute) in D:\a\1\s\TechTalk.SpecFlow\Bindings\Discovery\BindingSourceProcessor.cs:line 150
   at TechTalk.SpecFlow.Bindings.Discovery.BindingSourceProcessor.ProcessHooks(BindingSourceMethod bindingSourceMethod, BindingScope[] methodScopes) in D:\a\1\s\TechTalk.SpecFlow\Bindings\Discovery\BindingSourceProcessor.cs:line 121
   at TechTalk.SpecFlow.Bindings.Discovery.BindingSourceProcessor.ProcessMethod(BindingSourceMethod bindingSourceMethod) in D:\a\1\s\TechTalk.SpecFlow\Bindings\Discovery\BindingSourceProcessor.cs:line 108
   at TechTalk.SpecFlow.Bindings.Discovery.RuntimeBindingRegistryBuilder.BuildBindingsFromType(Type type) in D:\a\1\s\TechTalk.SpecFlow\Bindings\Discovery\RuntimeBindingRegistryBuilder.cs:line 49
   at TechTalk.SpecFlow.Bindings.Discovery.RuntimeBindingRegistryBuilder.BuildBindingsFromAssembly(Assembly assembly) in D:\a\1\s\TechTalk.SpecFlow\Bindings\Discovery\RuntimeBindingRegistryBuilder.cs:line 25
   at TechTalk.SpecFlow.TestRunnerManager.BuildBindingRegistry(IEnumerable`1 bindingAssemblies) in D:\a\1\s\TechTalk.SpecFlow\TestRunnerManager.cs:line 92
   at TechTalk.SpecFlow.TestRunnerManager.InitializeBindingRegistry(ITestRunner testRunner) in D:\a\1\s\TechTalk.SpecFlow\TestRunnerManager.cs:line 75
   at TechTalk.SpecFlow.TestRunnerManager.CreateTestRunner(Int32 threadId) in D:\a\1\s\TechTalk.SpecFlow\TestRunnerManager.cs:line 63
   at TechTalk.SpecFlow.TestRunnerManager.GetTestRunnerWithoutExceptionHandling(Int32 threadId) in D:\a\1\s\TechTalk.SpecFlow\TestRunnerManager.cs:line 155
   at TechTalk.SpecFlow.TestRunnerManager.GetTestRunner(Int32 threadId) in D:\a\1\s\TechTalk.SpecFlow\TestRunnerManager.cs:line 136
   at TechTalk.SpecFlow.TestRunnerManager.OnTestRunStart(Assembly testAssembly, IContainerBuilder containerBuilder) in D:\a\1\s\TechTalk.SpecFlow\TestRunnerManager.cs:line 232
   at SpecFlowCalculator_Specs_SpecFlowPlusRunnerAssemblyHooks.AssemblyInitialize() in C:\BDDFramework\SpecFlowCalculator.Specs\obj\Debug\netcoreapp3.1\SpecFlow.Plus.Runner.AssemblyHooks.cs:line 12
   at TechTalk.SpecRun.Framework.TaskExecutors.StaticOrInstanceMethodExecutor.ExecuteInternal(ITestThreadExecutionContext testThreadExecutionContext)
   at TechTalk.SpecRun.Framework.TaskExecutors.StaticOrInstanceMethodExecutor.Execute(ITestThreadExecutionContext testThreadExecutionContext)
   at TechTalk.SpecRun.Framework.TestAssemblyExecutor.RunAssemblyInitializeExecutors(ITestAssemblyExecutorsProvider testAssemblyExecutorsProvider, ITestThreadExecutionContext testThreadExecutionContext)
   at TechTalk.SpecRun.Framework.TestAssemblyExecutor.RunTests(ITestAssemblyExecutorState executorState, ITestAssemblyExecutorsProvider testAssemblyExecutorsProvider, ITestThreadExecutionContext testThreadExecutionContext)
   at TechTalk.SpecRun.Framework.TestAssemblyExecutor.RunTests(TestThreadState testThreadState)
   at TechTalk.SpecRun.Framework.Execution.InProcess.InProcAppDomainTestAssemblyExecutor.RunTests(TestThreadState testThreadState)
   at TechTalk.SpecRun.Framework.Execution.OutOfProcess.OutOfProcessTestAssemblyExecutor.RunTests(TestThreadState testThreadState)
   at TechTalk.SpecRun.Framework.Execution.OutOfProcess.OutOfProcessTestAssemblyExecutorReceiver.RunTests(TestThreadState testThreadState)
2021-10-29T16:19:43.1693640+05:30:test thread #0 error: StreamJsonRpc.RemoteInvocationException: The binding methods for before/after feature and before/after test run events must be static! SpecFlowCalculator.Specs:SpecFlowCalculator.Specs.Hooks.Base.BeforeFeature()
   at StreamJsonRpc.JsonRpc.InvokeCoreAsync[TResult](Nullable`1 id, String targetName, IReadOnlyList`1 arguments, CancellationToken cancellationToken, Boolean isParameterObject)
   at TechTalk.SpecFlow.Plus.RPC.TcpRpcClient.Invoke[T](String methodName, Object[] parameters)
   at TechTalk.SpecFlow.Plus.RPC.AsyncHelper.RunSync[TResult](Func`1 func)
   at TechTalk.SpecRun.Framework.Execution.OutOfProc.StreamJsonRPC.OutOfProcessTestAssemblyExecutorClient.RunTests(TestThreadState testThreadState)
   at TechTalk.SpecRun.Framework.Execution.OutOfProc.StreamJsonRPC.RemoteExecutor.RunTests(TestThreadState testThreadState)
   at TechTalk.SpecRun.Framework.Execution.OutOfProc.StreamJsonRPC.OutOfProcessTestAssemblyExecutorHost.RunTests(TestThreadState testThreadState)
   at TechTalk.SpecRun.Framework.TestThread.RunNonEmptyTestSuite(CancellationToken cancellationToken, TestThreadState testThreadState)
   at TechTalk.SpecRun.Framework.TestThread.Run(ITestExecutionManager executionManagerForRun, CancellationToken cancellationToken)
   at TechTalk.SpecRun.Framework.AsyncTestThreadRunner.RunSync(TestExecutionManager executionManager, CancellationToken cancellationToken)
2021-10-29T16:19:43.1706934+05:30:test thread error: TechTalk.SpecRun.Framework.SpecRunException: At least one test thread aborted.
 ---> StreamJsonRpc.RemoteInvocationException: The binding methods for before/after feature and before/after test run events must be static! SpecFlowCalculator.Specs:SpecFlowCalculator.Specs.Hooks.Base.BeforeFeature()
   at StreamJsonRpc.JsonRpc.InvokeCoreAsync[TResult](Nullable`1 id, String targetName, IReadOnlyList`1 arguments, CancellationToken cancellationToken, Boolean isParameterObject)
   at TechTalk.SpecFlow.Plus.RPC.TcpRpcClient.Invoke[T](String methodName, Object[] parameters)
   at TechTalk.SpecFlow.Plus.RPC.AsyncHelper.RunSync[TResult](Func`1 func)
   at TechTalk.SpecRun.Framework.Execution.OutOfProc.StreamJsonRPC.OutOfProcessTestAssemblyExecutorClient.RunTests(TestThreadState testThreadState)
   at TechTalk.SpecRun.Framework.Execution.OutOfProc.StreamJsonRPC.RemoteExecutor.RunTests(TestThreadState testThreadState)
   at TechTalk.SpecRun.Framework.Execution.OutOfProc.StreamJsonRPC.OutOfProcessTestAssemblyExecutorHost.RunTests(TestThreadState testThreadState)
   at TechTalk.SpecRun.Framework.TestThread.RunNonEmptyTestSuite(CancellationToken cancellationToken, TestThreadState testThreadState)
   at TechTalk.SpecRun.Framework.TestThread.Run(ITestExecutionManager executionManagerForRun, CancellationToken cancellationToken)
   at TechTalk.SpecRun.Framework.AsyncTestThreadRunner.RunSync(TestExecutionManager executionManager, CancellationToken cancellationToken)
   --- End of inner exception stack trace ---
2021-10-29T16:19:43.1781224+05:30:Thread#-1: Test #7/0 is started on thread #-1
2021-10-29T16:19:43.1796316+05:30:Thread#-1: Test #7/0 is finished on thread #-1 as Skipped within 0.0005789 seconds
2021-10-29T16:19:43.1815560+05:30:Thread#-1:Scheduler: get next test for thread -1
2021-10-29T16:19:43.1816048+05:30:Thread#:Scheduler: at the end of normal test queue
2021-10-29T16:19:43.1816074+05:30:Thread#-1:Scheduler: enumerator for thread is at end
2021-10-29T16:19:43.2415913+05:30;Thread#12;Info;test run finished
2021-10-29T16:19:43.2417942+05:30;Thread#12;Info;publishing test results
2021-10-29T16:19:43.2419960+05:30;Thread#12;Info;Not publishing results.
2021-10-29T16:19:43.2421042+05:30;Thread#12;Info;test results published
2021-10-29T16:19:43.2421456+05:30;Thread#12;Info;generating reports
2021-10-29T16:19:43.3237698+05:30;Thread#12;Info;Starting external report generation process
2021-10-29T16:19:45.6788540+05:30;Thread#12;Info;Successfully generated reports.
2021-10-29T16:19:45.6846865+05:30;Thread#12;Info;Successfully generated reports
2021-10-29T16:19:45.6947096+05:30:Total: 1
2021-10-29T16:19:45.6965725+05:30:Succeeded: 0
2021-10-29T16:19:45.6969516+05:30:Ignored: 0
2021-10-29T16:19:45.6972099+05:30:Pending: 0
2021-10-29T16:19:45.6972225+05:30:Skipped: 1
2021-10-29T16:19:45.6974592+05:30:Failed: 0
2021-10-29T16:19:45.7006117+05:30;VSTestExecutionThread;Info;Adding attachments to VSTest
2021-10-29T16:19:45.7007020+05:30;VSTestExecutionThread;Info;adding Test Execution Report 'C:\BDDFramework\TestResults\Unnamed project__2021-10-29T161940.html'
========== End of log file ==========
